[38;5;8m2022-10-13 12:42:19[0m [I] [38;5;78;1mapp[0m apply plugin [38;5;78mgroup:entry[0m
[38;5;8m2022-10-13 12:42:19[0m [I] [38;5;78;1mapp[0m [38;5;15;1mKoishi/4.9.5[0m
[38;5;8m2022-10-13 12:42:19[0m [I] [38;5;78;1mapp[0m apply plugin [38;5;78mgroup:basic[0m
[38;5;8m2022-10-13 12:42:19[0m [I] [38;5;78;1mapp[0m apply plugin [38;5;78mhelp[0m
[38;5;8m2022-10-13 12:42:19[0m [I] [38;5;78;1mapp[0m apply plugin [38;5;78msuggest[0m
[38;5;8m2022-10-13 12:42:19[0m [I] [38;5;78;1mapp[0m apply plugin [38;5;78mrate-limit[0m
[38;5;8m2022-10-13 12:42:19[0m [I] [38;5;78;1mapp[0m apply plugin [38;5;78mlocales[0m
[38;5;8m2022-10-13 12:42:19[0m [I] [38;5;78;1mapp[0m apply plugin [38;5;78mcommands[0m
[38;5;8m2022-10-13 12:42:19[0m [I] [38;5;78;1mapp[0m apply plugin [38;5;78mconsole[0m
[38;5;8m2022-10-13 12:42:19[0m [I] [38;5;78;1mapp[0m apply plugin [38;5;78mgroup:console[0m
[38;5;8m2022-10-13 12:42:19[0m [I] [38;5;78;1mapp[0m apply plugin [38;5;78mdataview[0m
[38;5;8m2022-10-13 12:42:19[0m [I] [38;5;78;1mapp[0m apply plugin [38;5;78mlogger[0m
[38;5;8m2022-10-13 12:42:19[0m [I] [38;5;78;1mapp[0m apply plugin [38;5;78minsight[0m
[38;5;8m2022-10-13 12:42:19[0m [I] [38;5;78;1mapp[0m apply plugin [38;5;78mmarket[0m
[38;5;8m2022-10-13 12:42:19[0m [I] [38;5;78;1mapp[0m apply plugin [38;5;78msandbox[0m
[38;5;8m2022-10-13 12:42:19[0m [I] [38;5;78;1mapp[0m apply plugin [38;5;78mstatus[0m
[38;5;8m2022-10-13 12:42:19[0m [I] [38;5;78;1mapp[0m apply plugin [38;5;78mgroup:adapter[0m
[38;5;8m2022-10-13 12:42:19[0m [I] [38;5;78;1mapp[0m apply plugin [38;5;78madapter-onebot[0m
[38;5;8m2022-10-13 12:42:19[0m [I] [38;5;78;1mapp[0m server listening at [38;5;78mhttp://localhost:5140[0m
[38;5;8m2022-10-13 12:42:19[0m [I] [38;5;78;1mapp[0m apply plugin [38;5;78mgocqhttp[0m
[38;5;8m2022-10-13 12:42:19[0m [I] [38;5;214;1madapter[0m connect to server: [38;5;214mws://127.0.0.1:6700[0m
[38;5;8m2022-10-13 12:42:38[0m [I] [38;5;78;1mapp[0m reload plugin [38;5;78madapter-onebot[0m
[38;5;8m2022-10-13 12:42:38[0m [I] [38;5;214;1madapter[0m connect to server: [38;5;214mws://127.0.0.1:6700[0m
[38;5;8m2022-10-13 13:17:23[0m [I] [38;5;78;1mapp[0m reload plugin [38;5;78madapter-onebot[0m
[38;5;8m2022-10-13 13:17:23[0m [I] [38;5;214;1madapter[0m connect to server: [38;5;214mws://127.0.0.1:6700[0m
[38;5;8m2022-10-13 13:39:32[0m [I] [38;5;78;1mapp[0m unload plugin [38;5;78madapter-onebot[0m
[38;5;8m2022-10-13 13:39:38[0m [I] [38;5;78;1mapp[0m apply plugin [38;5;78madapter-onebot[0m
[38;5;8m2022-10-13 13:39:39[0m [D] [38;5;32;1mgocqhttp[0m å½“å‰ç‰ˆæœ¬:v1.0.0-rc3
[38;5;8m2022-10-13 13:39:39[0m [W] [38;5;32;1mgocqhttp[0m è™šæ‹Ÿè®¾å¤‡ä¿¡æ¯ä¸å­˜åœ¨, å°†è‡ªåŠ¨ç”Ÿæˆéšæœºè®¾å¤‡. 
[38;5;8m2022-10-13 13:39:39[0m [D] [38;5;32;1mgocqhttp[0m å·²ç”Ÿæˆè®¾å¤‡ä¿¡æ¯å¹¶ä¿å­˜åˆ° device.json æ–‡ä»¶. 
[38;5;8m2022-10-13 13:39:39[0m [D] [38;5;32;1mgocqhttp[0m ä½¿ç”¨åè®®: iPad
[38;5;8m2022-10-13 13:39:39[0m [D] [38;5;32;1mgocqhttp[0m å¼€å§‹å°è¯•ç™»å½•å¹¶åŒæ­¥æ¶ˆæ¯...
[38;5;8m2022-10-13 13:39:39[0m [D] [38;5;32;1mgocqhttp[0m Protocol -> connect to server: 157.148.54.64:8080
[38;5;8m2022-10-13 13:39:39[0m [W] [38;5;32;1mgocqhttp[0m ç™»å½•éœ€è¦æ»‘æ¡éªŒè¯ç , è¯·é€‰æ‹©éªŒè¯æ–¹å¼:
[38;5;8m2022-10-13 13:39:39[0m [W] [38;5;32;1mgocqhttp[0m 1. ä½¿ç”¨æµè§ˆå™¨æŠ“å–æ»‘æ¡å¹¶ç™»å½• 
[38;5;8m2022-10-13 13:39:39[0m [W] [38;5;32;1mgocqhttp[0m 2. ä½¿ç”¨æ‰‹æœºQQæ‰«ç éªŒè¯ (éœ€è¦æ‰‹Qå’Œgocqåœ¨åŒä¸€ç½‘ç»œä¸‹). 
[38;5;8m2022-10-13 13:39:39[0m [W] [38;5;32;1mgocqhttp[0m è¯·è¾“å…¥(1 - 2) (å°†åœ¨10ç§’åŽè‡ªåŠ¨é€‰æ‹©1)ï¼š
[38;5;8m2022-10-13 13:39:50[0m [D] [38;5;32;1mgocqhttp[0m è¯·ä½¿ç”¨æ‰‹æœºQQæ‰«æäºŒç»´ç  (qrcode.png) :
[38;5;8m2022-10-13 13:39:56[0m [D] [38;5;32;1mgocqhttp[0m æ‰«ç æˆåŠŸ, è¯·åœ¨æ‰‹æœºç«¯ç¡®è®¤ç™»å½•.
[38;5;8m2022-10-13 13:40:08[0m [D] [38;5;32;1mgocqhttp[0m å¼€å§‹åŠ è½½å¥½å‹åˆ—è¡¨...
[38;5;8m2022-10-13 13:40:08[0m [D] [38;5;32;1mgocqhttp[0m ç™»å½•æˆåŠŸ æ¬¢è¿Žä½¿ç”¨: Resalia 
[38;5;8m2022-10-13 13:40:08[0m [D] [38;5;32;1mgocqhttp[0m å…±åŠ è½½ 174 ä¸ªå¥½å‹. 
[38;5;8m2022-10-13 13:40:08[0m [D] [38;5;32;1mgocqhttp[0m å¼€å§‹åŠ è½½ç¾¤åˆ—è¡¨...
[38;5;8m2022-10-13 13:40:10[0m [D] [38;5;32;1mgocqhttp[0m å…±åŠ è½½ 45 ä¸ªç¾¤.
[38;5;8m2022-10-13 13:40:11[0m [D] [38;5;32;1mgocqhttp[0m èµ„æºåˆå§‹åŒ–å®Œæˆ, å¼€å§‹å¤„ç†ä¿¡æ¯. 
[38;5;8m2022-10-13 13:40:11[0m [D] [38;5;32;1mgocqhttp[0m ã‚¢ãƒˆãƒªã¯ã€é«˜æ€§èƒ½ã§ã™ã‹ã‚‰!
[38;5;8m2022-10-13 13:40:11[0m [D] [38;5;32;1mgocqhttp[0m æ­£åœ¨æ£€æŸ¥æ›´æ–°. 
[38;5;8m2022-10-13 13:40:11[0m [D] [38;5;32;1mgocqhttp[0m CQ WebSocket æœåŠ¡å™¨å·²å¯åŠ¨: [::]:6700
[38;5;8m2022-10-13 13:40:11[0m [I] [38;5;214;1madapter[0m connect to server: [38;5;214mws://127.0.0.1:6700[0m
[38;5;8m2022-10-13 13:40:11[0m [D] [38;5;32;1mgocqhttp[0m æ£€æŸ¥æ›´æ–°å®Œæˆ. å½“å‰å·²è¿è¡Œæœ€æ–°ç‰ˆæœ¬. 
[38;5;8m2022-10-13 13:40:11[0m [D] [38;5;32;1mgocqhttp[0m å¼€å§‹è¯Šæ–­ç½‘ç»œæƒ…å†µ
[38;5;8m2022-10-13 13:40:14[0m [D] [38;5;32;1mgocqhttp[0m ç½‘ç»œè¯Šæ–­å®Œæˆ. æœªå‘çŽ°é—®é¢˜
[38;5;8m2022-10-13 13:40:41[0m [I] [38;5;78;1mapp[0m [38;5;15;1mKoishi/4.9.5[0m
[38;5;8m2022-10-13 13:40:41[0m [I] [38;5;78;1mapp[0m apply plugin [38;5;78mgroup:entry[0m
[38;5;8m2022-10-13 13:40:41[0m [I] [38;5;78;1mapp[0m apply plugin [38;5;78mgroup:basic[0m
[38;5;8m2022-10-13 13:40:41[0m [I] [38;5;78;1mapp[0m apply plugin [38;5;78mrate-limit[0m
[38;5;8m2022-10-13 13:40:41[0m [I] [38;5;78;1mapp[0m apply plugin [38;5;78msuggest[0m
[38;5;8m2022-10-13 13:40:41[0m [I] [38;5;78;1mapp[0m apply plugin [38;5;78mlocales[0m
[38;5;8m2022-10-13 13:40:41[0m [I] [38;5;78;1mapp[0m apply plugin [38;5;78mhelp[0m
[38;5;8m2022-10-13 13:40:41[0m [I] [38;5;78;1mapp[0m apply plugin [38;5;78mcommands[0m
[38;5;8m2022-10-13 13:40:41[0m [I] [38;5;78;1mapp[0m apply plugin [38;5;78mdataview[0m
[38;5;8m2022-10-13 13:40:41[0m [I] [38;5;78;1mapp[0m apply plugin [38;5;78mgroup:console[0m
[38;5;8m2022-10-13 13:40:41[0m [I] [38;5;78;1mapp[0m apply plugin [38;5;78mconsole[0m
[38;5;8m2022-10-13 13:40:41[0m [I] [38;5;78;1mapp[0m apply plugin [38;5;78mlogger[0m
[38;5;8m2022-10-13 13:40:41[0m [I] [38;5;78;1mapp[0m apply plugin [38;5;78msandbox[0m
[38;5;8m2022-10-13 13:40:41[0m [I] [38;5;78;1mapp[0m apply plugin [38;5;78minsight[0m
[38;5;8m2022-10-13 13:40:41[0m [I] [38;5;78;1mapp[0m apply plugin [38;5;78mstatus[0m
[38;5;8m2022-10-13 13:40:41[0m [I] [38;5;78;1mapp[0m apply plugin [38;5;78mmarket[0m
[38;5;8m2022-10-13 13:40:41[0m [I] [38;5;78;1mapp[0m apply plugin [38;5;78madapter-onebot[0m
[38;5;8m2022-10-13 13:40:41[0m [I] [38;5;78;1mapp[0m apply plugin [38;5;78mgocqhttp[0m
[38;5;8m2022-10-13 13:40:41[0m [I] [38;5;78;1mapp[0m apply plugin [38;5;78mgroup:adapter[0m
[38;5;8m2022-10-13 13:40:41[0m [I] [38;5;78;1mapp[0m server listening at [38;5;78mhttp://localhost:5140[0m
[38;5;8m2022-10-13 13:40:41[0m [D] [38;5;32;1mgocqhttp[0m å½“å‰ç‰ˆæœ¬:v1.0.0-rc3 
[38;5;8m2022-10-13 13:40:41[0m [D] [38;5;32;1mgocqhttp[0m å°†ä½¿ç”¨ device.json å†…çš„è®¾å¤‡ä¿¡æ¯è¿è¡ŒBot.
[38;5;8m2022-10-13 13:40:41[0m [D] [38;5;32;1mgocqhttp[0m å¼€å§‹å°è¯•ç™»å½•å¹¶åŒæ­¥æ¶ˆæ¯... 
[38;5;8m2022-10-13 13:40:41[0m [D] [38;5;32;1mgocqhttp[0m ä½¿ç”¨åè®®: iPad
[38;5;8m2022-10-13 13:40:42[0m [W] [38;5;32;1mgocqhttp[0m è­¦å‘Š: é…ç½®æ–‡ä»¶å†…çš„QQå· (168034743) ä¸Žç¼“å­˜å†…çš„QQå· (2419269719) ä¸ç›¸åŒ
[38;5;8m2022-10-13 13:40:42[0m [W] [38;5;32;1mgocqhttp[0m 1. ä½¿ç”¨ä¼šè¯ç¼“å­˜ç»§ç»­. 
[38;5;8m2022-10-13 13:40:42[0m [W] [38;5;32;1mgocqhttp[0m 2. åˆ é™¤ä¼šè¯ç¼“å­˜å¹¶é‡å¯. 
[38;5;8m2022-10-13 13:40:42[0m [W] [38;5;32;1mgocqhttp[0m è¯·é€‰æ‹©: (5ç§’åŽè‡ªåŠ¨é€‰1)
[38;5;8m2022-10-13 13:40:47[0m [D] [38;5;32;1mgocqhttp[0m Protocol -> connect to server: [::ffff:157.148.54.170]:443
[38;5;8m2022-10-13 13:40:47[0m [W] [38;5;32;1mgocqhttp[0m Protocol -> device lock is disable. http api may fail.
[38;5;8m2022-10-13 13:40:53[0m [D] [38;5;32;1mgocqhttp[0m ç™»å½•æˆåŠŸ æ¬¢è¿Žä½¿ç”¨: Resalia 
[38;5;8m2022-10-13 13:40:53[0m [D] [38;5;32;1mgocqhttp[0m å¼€å§‹åŠ è½½å¥½å‹åˆ—è¡¨...
[38;5;8m2022-10-13 13:40:53[0m [E] [38;5;32;1mgocqhttp[0m Protocol -> parse incoming packet error: session expired
[38;5;8m2022-10-13 13:40:53[0m [W] [38;5;32;1mgocqhttp[0m Botå·²ç¦»çº¿: session expired
[38;5;8m2022-10-13 13:40:56[0m [W] [38;5;32;1mgocqhttp[0m å°†åœ¨ 3 ç§’åŽå°è¯•é‡è¿ž. é‡è¿žæ¬¡æ•°ï¼š2/0
[38;5;8m2022-10-13 13:40:59[0m [W] [38;5;32;1mgocqhttp[0m å°è¯•é‡è¿ž... 
[38;5;8m2022-10-13 13:40:59[0m [D] [38;5;32;1mgocqhttp[0m Protocol -> connect to server: 157.148.54.64:8080
[38;5;8m2022-10-13 13:40:59[0m [W] [38;5;32;1mgocqhttp[0m å¿«é€Ÿé‡è¿žå¤±è´¥: exchange_emp failed: 15 
[38;5;8m2022-10-13 13:40:59[0m [W] [38;5;32;1mgocqhttp[0m å¿«é€Ÿé‡è¿žå¤±è´¥, å°è¯•æ™®é€šç™»å½•. è¿™å¯èƒ½æ˜¯å› ä¸ºå…¶ä»–ç«¯å¼ºè¡ŒTä¸‹çº¿å¯¼è‡´çš„.
[38;5;8m2022-10-13 13:41:00[0m [D] [38;5;32;1mgocqhttp[0m Protocol -> connect to server: [::ffff:157.255.13.204]:8080
[38;5;8m2022-10-13 13:41:00[0m [W] [38;5;32;1mgocqhttp[0m ç™»å½•éœ€è¦æ»‘æ¡éªŒè¯ç , è¯·é€‰æ‹©éªŒè¯æ–¹å¼:
[38;5;8m2022-10-13 13:41:00[0m [W] [38;5;32;1mgocqhttp[0m 1. ä½¿ç”¨æµè§ˆå™¨æŠ“å–æ»‘æ¡å¹¶ç™»å½• 
[38;5;8m2022-10-13 13:41:00[0m [W] [38;5;32;1mgocqhttp[0m 2. ä½¿ç”¨æ‰‹æœºQQæ‰«ç éªŒè¯ (éœ€è¦æ‰‹Qå’Œgocqåœ¨åŒä¸€ç½‘ç»œä¸‹). 
[38;5;8m2022-10-13 13:41:00[0m [W] [38;5;32;1mgocqhttp[0m è¯·è¾“å…¥(1 - 2) (å°†åœ¨10ç§’åŽè‡ªåŠ¨é€‰æ‹©1)ï¼š
[38;5;8m2022-10-13 13:41:08[0m [E] [38;5;32;1mgocqhttp[0m Protocol -> parse incoming packet error: session expired
[38;5;8m2022-10-13 13:41:10[0m [W] [38;5;32;1mgocqhttp[0m è¯·å‰å¾€è¯¥åœ°å€éªŒè¯ -> https://captcha.go-cqhttp.org/captcha?id=QED3ZfGg&style=simple&aid=16&uin=168034743&sid=831988501804721388&cap_cd=kXDYsJRFHC3fnxkB3ZtgJsm3K5TYH-Tq_2VeTSKJ2MZ8mG2sq17s0g**&clientype=1&apptype=2
[38;5;8m2022-10-13 13:41:23[0m [E] [38;5;32;1mgocqhttp[0m é‡åˆ°é”™è¯¯: Packet timed out
[38;5;8m2022-10-13 13:41:57[0m [I] [38;5;78;1mapp[0m [38;5;15;1mKoishi/4.9.5[0m
[38;5;8m2022-10-13 13:41:57[0m [I] [38;5;78;1mapp[0m apply plugin [38;5;78mgroup:basic[0m
[38;5;8m2022-10-13 13:41:57[0m [I] [38;5;78;1mapp[0m apply plugin [38;5;78mgroup:entry[0m
[38;5;8m2022-10-13 13:41:57[0m [I] [38;5;78;1mapp[0m apply plugin [38;5;78mhelp[0m
[38;5;8m2022-10-13 13:41:57[0m [I] [38;5;78;1mapp[0m apply plugin [38;5;78mrate-limit[0m
[38;5;8m2022-10-13 13:41:57[0m [I] [38;5;78;1mapp[0m apply plugin [38;5;78mlocales[0m
[38;5;8m2022-10-13 13:41:57[0m [I] [38;5;78;1mapp[0m apply plugin [38;5;78msuggest[0m
[38;5;8m2022-10-13 13:41:57[0m [I] [38;5;78;1mapp[0m apply plugin [38;5;78mcommands[0m
[38;5;8m2022-10-13 13:41:57[0m [I] [38;5;78;1mapp[0m apply plugin [38;5;78mgroup:console[0m
[38;5;8m2022-10-13 13:41:57[0m [I] [38;5;78;1mapp[0m apply plugin [38;5;78mconsole[0m
[38;5;8m2022-10-13 13:41:57[0m [I] [38;5;78;1mapp[0m apply plugin [38;5;78mdataview[0m
[38;5;8m2022-10-13 13:41:57[0m [I] [38;5;78;1mapp[0m apply plugin [38;5;78mlogger[0m
[38;5;8m2022-10-13 13:41:57[0m [I] [38;5;78;1mapp[0m apply plugin [38;5;78mmarket[0m
[38;5;8m2022-10-13 13:41:57[0m [I] [38;5;78;1mapp[0m apply plugin [38;5;78minsight[0m
[38;5;8m2022-10-13 13:41:57[0m [I] [38;5;78;1mapp[0m apply plugin [38;5;78msandbox[0m
[38;5;8m2022-10-13 13:41:57[0m [I] [38;5;78;1mapp[0m apply plugin [38;5;78mstatus[0m
[38;5;8m2022-10-13 13:41:57[0m [I] [38;5;78;1mapp[0m apply plugin [38;5;78mgroup:adapter[0m
[38;5;8m2022-10-13 13:41:57[0m [I] [38;5;78;1mapp[0m apply plugin [38;5;78madapter-onebot[0m
[38;5;8m2022-10-13 13:41:57[0m [I] [38;5;78;1mapp[0m server listening at [38;5;78mhttp://localhost:5140[0m
[38;5;8m2022-10-13 13:41:57[0m [I] [38;5;78;1mapp[0m apply plugin [38;5;78mgocqhttp[0m
[38;5;8m2022-10-13 13:41:57[0m [D] [38;5;32;1mgocqhttp[0m å½“å‰ç‰ˆæœ¬:v1.0.0-rc3
[38;5;8m2022-10-13 13:41:57[0m [D] [38;5;32;1mgocqhttp[0m å°†ä½¿ç”¨ device.json å†…çš„è®¾å¤‡ä¿¡æ¯è¿è¡ŒBot. 
[38;5;8m2022-10-13 13:41:57[0m [D] [38;5;32;1mgocqhttp[0m å¼€å§‹å°è¯•ç™»å½•å¹¶åŒæ­¥æ¶ˆæ¯... 
[38;5;8m2022-10-13 13:41:57[0m [D] [38;5;32;1mgocqhttp[0m ä½¿ç”¨åè®®: iPad
[38;5;8m2022-10-13 13:41:57[0m [D] [38;5;32;1mgocqhttp[0m Protocol -> connect to server: [::ffff:157.148.54.170]:8080
[38;5;8m2022-10-13 13:41:57[0m [W] [38;5;32;1mgocqhttp[0m ç™»å½•éœ€è¦æ»‘æ¡éªŒè¯ç , è¯·é€‰æ‹©éªŒè¯æ–¹å¼:
[38;5;8m2022-10-13 13:41:57[0m [W] [38;5;32;1mgocqhttp[0m 1. ä½¿ç”¨æµè§ˆå™¨æŠ“å–æ»‘æ¡å¹¶ç™»å½• 
[38;5;8m2022-10-13 13:41:57[0m [W] [38;5;32;1mgocqhttp[0m 2. ä½¿ç”¨æ‰‹æœºQQæ‰«ç éªŒè¯ (éœ€è¦æ‰‹Qå’Œgocqåœ¨åŒä¸€ç½‘ç»œä¸‹). 
[38;5;8m2022-10-13 13:41:57[0m [W] [38;5;32;1mgocqhttp[0m è¯·è¾“å…¥(1 - 2) (å°†åœ¨10ç§’åŽè‡ªåŠ¨é€‰æ‹©1)ï¼š
[38;5;8m2022-10-13 13:42:07[0m [W] [38;5;32;1mgocqhttp[0m è¯·å‰å¾€è¯¥åœ°å€éªŒè¯ -> https://captcha.go-cqhttp.org/captcha?id=eKRoVN5m&style=simple&aid=16&uin=168034743&sid=4538976978300544293&cap_cd=I5R7JqtILBfc1UDOfi-KvNBPrtWnnKeAZTcL5mXwL3Rn8JoYAwqwQw**&clientype=1&apptype=2
[38;5;8m2022-10-13 13:42:25[0m [W] [38;5;32;1mgocqhttp[0m èŽ·å– Ticket æ—¶å‡ºçŽ°é”™è¯¯: Get "https://captcha.go-cqhttp.org/captcha/ticket?id=eKRoVN5m": unexpected EOF
[38;5;8m2022-10-13 13:42:52[0m [I] [38;5;78;1mapp[0m apply plugin [38;5;78mgroup:basic[0m
[38;5;8m2022-10-13 13:42:52[0m [I] [38;5;78;1mapp[0m apply plugin [38;5;78mgroup:entry[0m
[38;5;8m2022-10-13 13:42:52[0m [I] [38;5;78;1mapp[0m apply plugin [38;5;78mrate-limit[0m
[38;5;8m2022-10-13 13:42:52[0m [I] [38;5;78;1mapp[0m apply plugin [38;5;78mhelp[0m
[38;5;8m2022-10-13 13:42:52[0m [I] [38;5;78;1mapp[0m apply plugin [38;5;78msuggest[0m
[38;5;8m2022-10-13 13:42:52[0m [I] [38;5;78;1mapp[0m apply plugin [38;5;78mlocales[0m
[38;5;8m2022-10-13 13:42:52[0m [I] [38;5;78;1mapp[0m apply plugin [38;5;78mcommands[0m
[38;5;8m2022-10-13 13:42:52[0m [I] [38;5;78;1mapp[0m [38;5;15;1mKoishi/4.9.5[0m
[38;5;8m2022-10-13 13:42:52[0m [I] [38;5;78;1mapp[0m apply plugin [38;5;78mgroup:console[0m
[38;5;8m2022-10-13 13:42:52[0m [I] [38;5;78;1mapp[0m apply plugin [38;5;78mconsole[0m
[38;5;8m2022-10-13 13:42:52[0m [I] [38;5;78;1mapp[0m apply plugin [38;5;78mlogger[0m
[38;5;8m2022-10-13 13:42:52[0m [I] [38;5;78;1mapp[0m apply plugin [38;5;78mmarket[0m
[38;5;8m2022-10-13 13:42:52[0m [I] [38;5;78;1mapp[0m apply plugin [38;5;78minsight[0m
[38;5;8m2022-10-13 13:42:52[0m [I] [38;5;78;1mapp[0m apply plugin [38;5;78msandbox[0m
[38;5;8m2022-10-13 13:42:52[0m [I] [38;5;78;1mapp[0m apply plugin [38;5;78mstatus[0m
[38;5;8m2022-10-13 13:42:52[0m [I] [38;5;78;1mapp[0m apply plugin [38;5;78mdataview[0m
[38;5;8m2022-10-13 13:42:52[0m [I] [38;5;78;1mapp[0m apply plugin [38;5;78mgroup:adapter[0m
[38;5;8m2022-10-13 13:42:52[0m [I] [38;5;78;1mapp[0m apply plugin [38;5;78mgocqhttp[0m
[38;5;8m2022-10-13 13:42:52[0m [I] [38;5;78;1mapp[0m apply plugin [38;5;78madapter-onebot[0m
[38;5;8m2022-10-13 13:42:52[0m [I] [38;5;78;1mapp[0m server listening at [38;5;78mhttp://localhost:5140[0m
[38;5;8m2022-10-13 13:42:52[0m [D] [38;5;32;1mgocqhttp[0m å½“å‰ç‰ˆæœ¬:v1.0.0-rc3
[38;5;8m2022-10-13 13:42:52[0m [D] [38;5;32;1mgocqhttp[0m å°†ä½¿ç”¨ device.json å†…çš„è®¾å¤‡ä¿¡æ¯è¿è¡ŒBot. 
[38;5;8m2022-10-13 13:42:52[0m [D] [38;5;32;1mgocqhttp[0m å¼€å§‹å°è¯•ç™»å½•å¹¶åŒæ­¥æ¶ˆæ¯... 
[38;5;8m2022-10-13 13:42:52[0m [D] [38;5;32;1mgocqhttp[0m ä½¿ç”¨åè®®: iPad
[38;5;8m2022-10-13 13:42:53[0m [D] [38;5;32;1mgocqhttp[0m Protocol -> connect to server: 157.148.41.110:8080
[38;5;8m2022-10-13 13:42:53[0m [W] [38;5;32;1mgocqhttp[0m ç™»å½•éœ€è¦æ»‘æ¡éªŒè¯ç , è¯·é€‰æ‹©éªŒè¯æ–¹å¼:
[38;5;8m2022-10-13 13:42:53[0m [W] [38;5;32;1mgocqhttp[0m 2. ä½¿ç”¨æ‰‹æœºQQæ‰«ç éªŒè¯ (éœ€è¦æ‰‹Qå’Œgocqåœ¨åŒä¸€ç½‘ç»œä¸‹). 
[38;5;8m2022-10-13 13:42:53[0m [W] [38;5;32;1mgocqhttp[0m 1. ä½¿ç”¨æµè§ˆå™¨æŠ“å–æ»‘æ¡å¹¶ç™»å½• 
[38;5;8m2022-10-13 13:42:53[0m [W] [38;5;32;1mgocqhttp[0m è¯·è¾“å…¥(1 - 2) (å°†åœ¨10ç§’åŽè‡ªåŠ¨é€‰æ‹©1)ï¼š
[38;5;8m2022-10-13 13:43:03[0m [W] [38;5;32;1mgocqhttp[0m è¯·å‰å¾€è¯¥åœ°å€éªŒè¯ -> https://captcha.go-cqhttp.org/captcha?id=Q1Eg9aR1&style=simple&aid=16&uin=168034743&sid=290159647061943645&cap_cd=_v9n4kom2DncS1J_DMXMdloEt61PT-o3g-6ZBjXWX-Gb0vo2ih9DXQ**&clientype=1&apptype=2
[38;5;8m2022-10-13 13:43:12[0m [I] [38;5;78;1mapp[0m [38;5;15;1mKoishi/4.9.5[0m
[38;5;8m2022-10-13 13:43:12[0m [I] [38;5;78;1mapp[0m apply plugin [38;5;78mgroup:entry[0m
[38;5;8m2022-10-13 13:43:12[0m [I] [38;5;78;1mapp[0m apply plugin [38;5;78mrate-limit[0m
[38;5;8m2022-10-13 13:43:12[0m [I] [38;5;78;1mapp[0m apply plugin [38;5;78mhelp[0m
[38;5;8m2022-10-13 13:43:12[0m [I] [38;5;78;1mapp[0m apply plugin [38;5;78mgroup:basic[0m
[38;5;8m2022-10-13 13:43:12[0m [I] [38;5;78;1mapp[0m apply plugin [38;5;78msuggest[0m
[38;5;8m2022-10-13 13:43:12[0m [I] [38;5;78;1mapp[0m apply plugin [38;5;78mlocales[0m
[38;5;8m2022-10-13 13:43:12[0m [I] [38;5;78;1mapp[0m apply plugin [38;5;78mcommands[0m
[38;5;8m2022-10-13 13:43:12[0m [I] [38;5;78;1mapp[0m apply plugin [38;5;78mdataview[0m
[38;5;8m2022-10-13 13:43:12[0m [I] [38;5;78;1mapp[0m apply plugin [38;5;78mgroup:console[0m
[38;5;8m2022-10-13 13:43:12[0m [I] [38;5;78;1mapp[0m apply plugin [38;5;78mlogger[0m
[38;5;8m2022-10-13 13:43:12[0m [I] [38;5;78;1mapp[0m apply plugin [38;5;78mconsole[0m
[38;5;8m2022-10-13 13:43:12[0m [I] [38;5;78;1mapp[0m apply plugin [38;5;78minsight[0m
[38;5;8m2022-10-13 13:43:12[0m [I] [38;5;78;1mapp[0m apply plugin [38;5;78mmarket[0m
[38;5;8m2022-10-13 13:43:12[0m [I] [38;5;78;1mapp[0m apply plugin [38;5;78msandbox[0m
[38;5;8m2022-10-13 13:43:12[0m [I] [38;5;78;1mapp[0m apply plugin [38;5;78mstatus[0m
[38;5;8m2022-10-13 13:43:12[0m [I] [38;5;78;1mapp[0m apply plugin [38;5;78mgroup:adapter[0m
[38;5;8m2022-10-13 13:43:12[0m [I] [38;5;78;1mapp[0m apply plugin [38;5;78madapter-onebot[0m
[38;5;8m2022-10-13 13:43:12[0m [I] [38;5;78;1mapp[0m apply plugin [38;5;78mgocqhttp[0m
[38;5;8m2022-10-13 13:43:12[0m [I] [38;5;78;1mapp[0m server listening at [38;5;78mhttp://localhost:5140[0m
[38;5;8m2022-10-13 13:43:13[0m [D] [38;5;32;1mgocqhttp[0m å½“å‰ç‰ˆæœ¬:v1.0.0-rc3 
[38;5;8m2022-10-13 13:43:13[0m [D] [38;5;32;1mgocqhttp[0m å°†ä½¿ç”¨ device.json å†…çš„è®¾å¤‡ä¿¡æ¯è¿è¡ŒBot.
[38;5;8m2022-10-13 13:43:13[0m [D] [38;5;32;1mgocqhttp[0m å¼€å§‹å°è¯•ç™»å½•å¹¶åŒæ­¥æ¶ˆæ¯... 
[38;5;8m2022-10-13 13:43:13[0m [D] [38;5;32;1mgocqhttp[0m ä½¿ç”¨åè®®: iPad
[38;5;8m2022-10-13 13:43:13[0m [D] [38;5;32;1mgocqhttp[0m Protocol -> connect to server: 157.148.54.20:8080
[38;5;8m2022-10-13 13:43:13[0m [W] [38;5;32;1mgocqhttp[0m ç™»å½•éœ€è¦æ»‘æ¡éªŒè¯ç , è¯·é€‰æ‹©éªŒè¯æ–¹å¼:  
[38;5;8m2022-10-13 13:43:13[0m [W] [38;5;32;1mgocqhttp[0m 1. ä½¿ç”¨æµè§ˆå™¨æŠ“å–æ»‘æ¡å¹¶ç™»å½• 
[38;5;8m2022-10-13 13:43:13[0m [W] [38;5;32;1mgocqhttp[0m 2. ä½¿ç”¨æ‰‹æœºQQæ‰«ç éªŒè¯ (éœ€è¦æ‰‹Qå’Œgocqåœ¨åŒä¸€ç½‘ç»œä¸‹). 
[38;5;8m2022-10-13 13:43:13[0m [W] [38;5;32;1mgocqhttp[0m è¯·è¾“å…¥(1 - 2) (å°†åœ¨10ç§’åŽè‡ªåŠ¨é€‰æ‹©1)ï¼š
[38;5;8m2022-10-13 13:43:23[0m [W] [38;5;32;1mgocqhttp[0m è¯·å‰å¾€è¯¥åœ°å€éªŒè¯ -> https://captcha.go-cqhttp.org/captcha?id=AK1gvHVs&style=simple&aid=16&uin=168034743&sid=5660686268372591985&cap_cd=G20Jed_q_Ne2so-z4HADcy1KrKf3gmgxWJ-zM2bzZFF-X4_S2sPjDA**&clientype=1&apptype=2
[38;5;8m2022-10-13 13:44:16[0m [I] [38;5;78;1mapp[0m [38;5;15;1mKoishi/4.9.5[0m
[38;5;8m2022-10-13 13:44:16[0m [I] [38;5;78;1mapp[0m apply plugin [38;5;78mgroup:basic[0m
[38;5;8m2022-10-13 13:44:16[0m [I] [38;5;78;1mapp[0m apply plugin [38;5;78mhelp[0m
[38;5;8m2022-10-13 13:44:16[0m [I] [38;5;78;1mapp[0m apply plugin [38;5;78mrate-limit[0m
[38;5;8m2022-10-13 13:44:16[0m [I] [38;5;78;1mapp[0m apply plugin [38;5;78msuggest[0m
[38;5;8m2022-10-13 13:44:16[0m [I] [38;5;78;1mapp[0m apply plugin [38;5;78mgroup:entry[0m
[38;5;8m2022-10-13 13:44:16[0m [I] [38;5;78;1mapp[0m apply plugin [38;5;78mlocales[0m
[38;5;8m2022-10-13 13:44:16[0m [I] [38;5;78;1mapp[0m apply plugin [38;5;78mgroup:console[0m
[38;5;8m2022-10-13 13:44:16[0m [I] [38;5;78;1mapp[0m apply plugin [38;5;78mcommands[0m
[38;5;8m2022-10-13 13:44:16[0m [I] [38;5;78;1mapp[0m apply plugin [38;5;78mconsole[0m
[38;5;8m2022-10-13 13:44:16[0m [I] [38;5;78;1mapp[0m apply plugin [38;5;78mlogger[0m
[38;5;8m2022-10-13 13:44:16[0m [I] [38;5;78;1mapp[0m apply plugin [38;5;78mdataview[0m
[38;5;8m2022-10-13 13:44:16[0m [I] [38;5;78;1mapp[0m apply plugin [38;5;78minsight[0m
[38;5;8m2022-10-13 13:44:16[0m [I] [38;5;78;1mapp[0m apply plugin [38;5;78mstatus[0m
[38;5;8m2022-10-13 13:44:16[0m [I] [38;5;78;1mapp[0m apply plugin [38;5;78msandbox[0m
[38;5;8m2022-10-13 13:44:16[0m [I] [38;5;78;1mapp[0m apply plugin [38;5;78mmarket[0m
[38;5;8m2022-10-13 13:44:16[0m [I] [38;5;78;1mapp[0m apply plugin [38;5;78mgroup:adapter[0m
[38;5;8m2022-10-13 13:44:16[0m [I] [38;5;78;1mapp[0m apply plugin [38;5;78madapter-onebot[0m
[38;5;8m2022-10-13 13:44:16[0m [I] [38;5;78;1mapp[0m apply plugin [38;5;78mgocqhttp[0m
[38;5;8m2022-10-13 13:44:16[0m [I] [38;5;78;1mapp[0m server listening at [38;5;78mhttp://localhost:5140[0m
[38;5;8m2022-10-13 13:44:17[0m [D] [38;5;32;1mgocqhttp[0m å½“å‰ç‰ˆæœ¬:v1.0.0-rc3 
[38;5;8m2022-10-13 13:44:17[0m [D] [38;5;32;1mgocqhttp[0m å°†ä½¿ç”¨ device.json å†…çš„è®¾å¤‡ä¿¡æ¯è¿è¡ŒBot.
[38;5;8m2022-10-13 13:44:17[0m [D] [38;5;32;1mgocqhttp[0m å¼€å§‹å°è¯•ç™»å½•å¹¶åŒæ­¥æ¶ˆæ¯... 
[38;5;8m2022-10-13 13:44:17[0m [D] [38;5;32;1mgocqhttp[0m ä½¿ç”¨åè®®: iPad
[38;5;8m2022-10-13 13:44:17[0m [D] [38;5;32;1mgocqhttp[0m Protocol -> connect to server: 157.148.36.57:8080
[38;5;8m2022-10-13 13:44:17[0m [W] [38;5;32;1mgocqhttp[0m ç™»å½•éœ€è¦æ»‘æ¡éªŒè¯ç , è¯·é€‰æ‹©éªŒè¯æ–¹å¼:
[38;5;8m2022-10-13 13:44:17[0m [W] [38;5;32;1mgocqhttp[0m 1. ä½¿ç”¨æµè§ˆå™¨æŠ“å–æ»‘æ¡å¹¶ç™»å½• 
[38;5;8m2022-10-13 13:44:17[0m [W] [38;5;32;1mgocqhttp[0m è¯·è¾“å…¥(1 - 2) (å°†åœ¨10ç§’åŽè‡ªåŠ¨é€‰æ‹©1)ï¼š
[38;5;8m2022-10-13 13:44:17[0m [W] [38;5;32;1mgocqhttp[0m 2. ä½¿ç”¨æ‰‹æœºQQæ‰«ç éªŒè¯ (éœ€è¦æ‰‹Qå’Œgocqåœ¨åŒä¸€ç½‘ç»œä¸‹). 
[38;5;8m2022-10-13 13:44:27[0m [W] [38;5;32;1mgocqhttp[0m è¯·å‰å¾€è¯¥åœ°å€éªŒè¯ -> https://captcha.go-cqhttp.org/captcha?id=bpacOTKE&style=simple&aid=16&uin=168034743&sid=3634773160039523761&cap_cd=ZBOBAxffZodEUspzNmIHiADoPN_IGX5I3tfPnwqFOr2pzOg6-EAcSQ**&clientype=1&apptype=2
[38;5;8m2022-10-13 13:44:59[0m [W] [38;5;32;1mgocqhttp[0m è´¦å·å·²å¼€å¯è®¾å¤‡é”ï¼Œè¯·é€‰æ‹©éªŒè¯æ–¹å¼: 
[38;5;8m2022-10-13 13:44:59[0m [W] [38;5;32;1mgocqhttp[0m 1. å‘æ‰‹æœº 189*******0 å‘é€çŸ­ä¿¡éªŒè¯ç 
[38;5;8m2022-10-13 13:44:59[0m [W] [38;5;32;1mgocqhttp[0m 2. ä½¿ç”¨æ‰‹æœºQQæ‰«ç éªŒè¯. 
[38;5;8m2022-10-13 13:44:59[0m [W] [38;5;32;1mgocqhttp[0m è¯·è¾“å…¥(1 - 2) (å°†åœ¨10ç§’åŽè‡ªåŠ¨é€‰æ‹©2)ï¼š
[38;5;8m2022-10-13 13:45:09[0m [W] [38;5;32;1mgocqhttp[0m è´¦å·å·²å¼€å¯è®¾å¤‡é”ï¼Œè¯·å‰å¾€ -> https://accounts.qq.com/safe/verify?_wv=2&_wwv=128&envfrom=double-check&uin=168034743&sig=BP2bqzTvkJwduKs%2Bfayyuzf0MMWRwXl20y5swlhAlSGxR5WnzgAZhxsyE52Rkti1GAakgJNJJ05Rw9fF2y12x6EYVMJ5TUyHMhWSFHibwM0%3D <- éªŒè¯åŽé‡å¯Bot. 
[38;5;8m2022-10-13 13:45:09[0m [D] [38;5;32;1mgocqhttp[0m æŒ‰ Enter æˆ–ç­‰å¾… 5s åŽç»§ç»­....
[38;5;8m2022-10-13 13:46:19[0m [I] [38;5;78;1mapp[0m [38;5;15;1mKoishi/4.9.5[0m
[38;5;8m2022-10-13 13:46:19[0m [I] [38;5;78;1mapp[0m apply plugin [38;5;78mgroup:entry[0m
[38;5;8m2022-10-13 13:46:19[0m [I] [38;5;78;1mapp[0m apply plugin [38;5;78mrate-limit[0m
[38;5;8m2022-10-13 13:46:19[0m [I] [38;5;78;1mapp[0m apply plugin [38;5;78mhelp[0m
[38;5;8m2022-10-13 13:46:19[0m [I] [38;5;78;1mapp[0m apply plugin [38;5;78mgroup:basic[0m
[38;5;8m2022-10-13 13:46:19[0m [I] [38;5;78;1mapp[0m apply plugin [38;5;78msuggest[0m
[38;5;8m2022-10-13 13:46:19[0m [I] [38;5;78;1mapp[0m apply plugin [38;5;78mlocales[0m
[38;5;8m2022-10-13 13:46:19[0m [I] [38;5;78;1mapp[0m apply plugin [38;5;78mcommands[0m
[38;5;8m2022-10-13 13:46:19[0m [I] [38;5;78;1mapp[0m apply plugin [38;5;78mgroup:console[0m
[38;5;8m2022-10-13 13:46:19[0m [I] [38;5;78;1mapp[0m apply plugin [38;5;78mconsole[0m
[38;5;8m2022-10-13 13:46:19[0m [I] [38;5;78;1mapp[0m apply plugin [38;5;78mdataview[0m
[38;5;8m2022-10-13 13:46:19[0m [I] [38;5;78;1mapp[0m apply plugin [38;5;78minsight[0m
[38;5;8m2022-10-13 13:46:19[0m [I] [38;5;78;1mapp[0m apply plugin [38;5;78mlogger[0m
[38;5;8m2022-10-13 13:46:19[0m [I] [38;5;78;1mapp[0m apply plugin [38;5;78msandbox[0m
[38;5;8m2022-10-13 13:46:19[0m [I] [38;5;78;1mapp[0m apply plugin [38;5;78mmarket[0m
[38;5;8m2022-10-13 13:46:19[0m [I] [38;5;78;1mapp[0m apply plugin [38;5;78mstatus[0m
[38;5;8m2022-10-13 13:46:19[0m [I] [38;5;78;1mapp[0m apply plugin [38;5;78mgroup:adapter[0m
[38;5;8m2022-10-13 13:46:19[0m [I] [38;5;78;1mapp[0m apply plugin [38;5;78madapter-onebot[0m
[38;5;8m2022-10-13 13:46:19[0m [I] [38;5;78;1mapp[0m apply plugin [38;5;78mgocqhttp[0m
[38;5;8m2022-10-13 13:46:19[0m [I] [38;5;78;1mapp[0m server listening at [38;5;78mhttp://localhost:5140[0m
[38;5;8m2022-10-13 13:46:19[0m [D] [38;5;32;1mgocqhttp[0m å½“å‰ç‰ˆæœ¬:v1.0.0-rc3
[38;5;8m2022-10-13 13:46:19[0m [D] [38;5;32;1mgocqhttp[0m å°†ä½¿ç”¨ device.json å†…çš„è®¾å¤‡ä¿¡æ¯è¿è¡ŒBot. 
[38;5;8m2022-10-13 13:46:19[0m [D] [38;5;32;1mgocqhttp[0m å¼€å§‹å°è¯•ç™»å½•å¹¶åŒæ­¥æ¶ˆæ¯... 
[38;5;8m2022-10-13 13:46:19[0m [D] [38;5;32;1mgocqhttp[0m ä½¿ç”¨åè®®: iPad
[38;5;8m2022-10-13 13:46:19[0m [D] [38;5;32;1mgocqhttp[0m Protocol -> connect to server: [::ffff:163.177.30.25]:443
[38;5;8m2022-10-13 13:46:20[0m [W] [38;5;32;1mgocqhttp[0m Protocol -> device lock is disable. http api may fail.
[38;5;8m2022-10-13 13:46:20[0m [D] [38;5;32;1mgocqhttp[0m ç™»å½•æˆåŠŸ æ¬¢è¿Žä½¿ç”¨: æ¢¦ 
[38;5;8m2022-10-13 13:46:20[0m [D] [38;5;32;1mgocqhttp[0m å¼€å§‹åŠ è½½å¥½å‹åˆ—è¡¨...
[38;5;8m2022-10-13 13:46:20[0m [D] [38;5;32;1mgocqhttp[0m å…±åŠ è½½ 3 ä¸ªå¥½å‹. 
[38;5;8m2022-10-13 13:46:20[0m [D] [38;5;32;1mgocqhttp[0m å¼€å§‹åŠ è½½ç¾¤åˆ—è¡¨...
[38;5;8m2022-10-13 13:46:20[0m [D] [38;5;32;1mgocqhttp[0m å…±åŠ è½½ 0 ä¸ªç¾¤.
[38;5;8m2022-10-13 13:46:20[0m [D] [38;5;32;1mgocqhttp[0m èµ„æºåˆå§‹åŒ–å®Œæˆ, å¼€å§‹å¤„ç†ä¿¡æ¯. 
[38;5;8m2022-10-13 13:46:20[0m [D] [38;5;32;1mgocqhttp[0m ã‚¢ãƒˆãƒªã¯ã€é«˜æ€§èƒ½ã§ã™ã‹ã‚‰!
[38;5;8m2022-10-13 13:46:20[0m [D] [38;5;32;1mgocqhttp[0m æ­£åœ¨æ£€æŸ¥æ›´æ–°. 
[38;5;8m2022-10-13 13:46:20[0m [D] [38;5;32;1mgocqhttp[0m CQ WebSocket æœåŠ¡å™¨å·²å¯åŠ¨: [::]:6700
[38;5;8m2022-10-13 13:46:20[0m [I] [38;5;214;1madapter[0m connect to server: [38;5;214mws://127.0.0.1:6700[0m
[38;5;8m2022-10-13 13:46:20[0m [D] [38;5;32;1mgocqhttp[0m æŽ¥å— WebSocket è¿žæŽ¥: 127.0.0.1:61225 (/)
[38;5;8m2022-10-13 13:46:21[0m [D] [38;5;32;1mgocqhttp[0m æ£€æŸ¥æ›´æ–°å®Œæˆ. å½“å‰å·²è¿è¡Œæœ€æ–°ç‰ˆæœ¬. 
[38;5;8m2022-10-13 13:46:21[0m [D] [38;5;32;1mgocqhttp[0m å¼€å§‹è¯Šæ–­ç½‘ç»œæƒ…å†µ
[38;5;8m2022-10-13 13:46:22[0m [D] [38;5;32;1mgocqhttp[0m ç½‘ç»œè¯Šæ–­å®Œæˆ. æœªå‘çŽ°é—®é¢˜
[38;5;8m2022-10-13 13:47:32[0m [D] [38;5;32;1mgocqhttp[0m Bot è´¦å·åœ¨å®¢æˆ·ç«¯ Android (Android) ç™»å‡º.
[38;5;8m2022-10-13 13:49:27[0m [I] [38;5;93;1mconsole[0m unknown message: [32m'sandbox/user'[39m [32m'Bob'[39m { authority: [33m2[39m }
[38;5;8m2022-10-13 13:49:27[0m [I] [38;5;93;1mconsole[0m unknown message: [32m'sandbox/user'[39m [32m'Bob'[39m { authority: [33m3[39m }
[38;5;8m2022-10-13 13:49:27[0m [I] [38;5;93;1mconsole[0m unknown message: [32m'sandbox/user'[39m [32m'Bob'[39m { authority: [33m4[39m }
[38;5;8m2022-10-13 13:49:27[0m [I] [38;5;93;1mconsole[0m unknown message: [32m'sandbox/user'[39m [32m'Bob'[39m { authority: [33m5[39m }
[38;5;8m2022-10-13 13:53:32[0m [I] [38;5;178;1mmarket[0m added 1 package in 1s
[38;5;8m2022-10-13 13:53:32[0m [I] [38;5;178;1mmarket[0m 54 packages are looking for funding
[38;5;8m2022-10-13 13:53:32[0m [I] [38;5;178;1mmarket[0m   run `npm fund` for details
[38;5;8m2022-10-13 13:53:37[0m [I] [38;5;78;1mapp[0m apply plugin [38;5;78mecho:nff1hr[0m
[38;5;8m2022-10-13 13:55:12[0m [D] [38;5;32;1mgocqhttp[0m æ”¶åˆ°å¥½å‹ Resalia(2419269719) çš„æ¶ˆæ¯: echo 1 (500174634)
[38;5;8m2022-10-13 13:55:12[0m [D] [38;5;32;1mgocqhttp[0m å‘é€å¥½å‹ 2419269719(2419269719)  çš„æ¶ˆæ¯: [{"type":" ... (-1513784417)
[38;5;8m2022-10-13 13:55:14[0m [D] [38;5;32;1mgocqhttp[0m æ”¶åˆ°å¥½å‹ Resalia(2419269719) çš„æ¶ˆæ¯: echo 1 (-2066129264)
[38;5;8m2022-10-13 13:55:14[0m [D] [38;5;32;1mgocqhttp[0m å‘é€å¥½å‹ 2419269719(2419269719)  çš„æ¶ˆæ¯: [{"type":" ... (-759018743)
[38;5;8m2022-10-13 13:56:30[0m [I] [38;5;178;1mmarket[0m added 2 packages in 1s
[38;5;8m2022-10-13 13:56:30[0m [I] [38;5;178;1mmarket[0m 54 packages are looking for funding
[38;5;8m2022-10-13 13:56:30[0m [I] [38;5;178;1mmarket[0m   run `npm fund` for details
[38;5;8m2022-10-13 13:56:36[0m [I] [38;5;78;1mapp[0m apply plugin [38;5;78mdatabase-memory:80mygt[0m
[38;5;8m2022-10-13 13:56:43[0m [I] [38;5;78;1mapp[0m apply plugin [38;5;78madmin[0m
[38;5;8m2022-10-13 13:56:45[0m [I] [38;5;78;1mapp[0m apply plugin [38;5;78mbind[0m
[38;5;8m2022-10-13 13:59:14[0m [D] [38;5;32;1mgocqhttp[0m æ”¶åˆ°å¥½å‹ Resalia(2419269719) çš„æ¶ˆæ¯: help (-203526650)
[38;5;8m2022-10-13 13:59:14[0m [D] [38;5;32;1mgocqhttp[0m å‘é€å¥½å‹ 2419269719(2419269719)  çš„æ¶ˆæ¯: [{"type":" ... (1286004394)
[38;5;8m2022-10-13 13:59:48[0m [D] [38;5;32;1mgocqhttp[0m æ”¶åˆ°æ¥è‡ªç¾¤ æ¢¦ã€Resalia(637217549) å†…ç”¨æˆ· Resalia(2419269719) çš„åŠ ç¾¤é‚€è¯·.
[38;5;8m2022-10-13 13:59:49[0m [D] [38;5;32;1mgocqhttp[0m Botè¿›å…¥äº†ç¾¤ æ¢¦ã€Resalia(637217549).
[38;5;8m2022-10-13 14:00:22[0m [D] [38;5;32;1mgocqhttp[0m æ”¶åˆ°ç¾¤ æ¢¦ã€Resalia(637217549) å†… Resalia(2419269719) çš„æ¶ˆæ¯: [CQ:at,qq=all] (1879186971)
[38;5;8m2022-10-13 14:01:11[0m [D] [38;5;32;1mgocqhttp[0m æ”¶åˆ°å¥½å‹ Resalia(2419269719) çš„æ¶ˆæ¯: help (1840970661)
[38;5;8m2022-10-13 14:01:11[0m [D] [38;5;32;1mgocqhttp[0m å‘é€å¥½å‹ 2419269719(2419269719)  çš„æ¶ˆæ¯: [{"type":" ... (1000468028)
[38;5;8m2022-10-13 14:01:19[0m [D] [38;5;32;1mgocqhttp[0m æ”¶åˆ°ç¾¤ æ¢¦ã€Resalia(637217549) å†… Resalia(2419269719) çš„æ¶ˆæ¯: [CQ:at,qq=all] help (-295269448)
[38;5;8m2022-10-13 14:05:43[0m [I] [38;5;78;1mapp[0m unload plugin [38;5;78mecho:nff1hr[0m
[38;5;8m2022-10-13 14:05:45[0m [I] [38;5;78;1mapp[0m apply plugin [38;5;78mecho:nff1hr[0m
[38;5;8m2022-10-13 14:12:07[0m [D] [38;5;32;1mgocqhttp[0m å¥½å‹ Resalia(2419269719) å‘é€äº†ç¦»çº¿æ–‡ä»¶ 95533042_p0.jpg
[38;5;8m2022-10-13 14:18:47[0m [I] [38;5;78;1mapp[0m apply plugin [38;5;78mhelp[0m
[38;5;8m2022-10-13 14:18:47[0m [I] [38;5;78;1mapp[0m [38;5;15;1mKoishi/4.9.5[0m
[38;5;8m2022-10-13 14:18:47[0m [I] [38;5;78;1mapp[0m apply plugin [38;5;78mgroup:basic[0m
[38;5;8m2022-10-13 14:18:47[0m [I] [38;5;78;1mapp[0m apply plugin [38;5;78mgroup:entry[0m
[38;5;8m2022-10-13 14:18:47[0m [I] [38;5;78;1mapp[0m apply plugin [38;5;78msuggest[0m
[38;5;8m2022-10-13 14:18:47[0m [I] [38;5;78;1mapp[0m apply plugin [38;5;78mlocales[0m
[38;5;8m2022-10-13 14:18:47[0m [I] [38;5;78;1mapp[0m apply plugin [38;5;78mrate-limit[0m
[38;5;8m2022-10-13 14:18:47[0m [I] [38;5;78;1mapp[0m apply plugin [38;5;78madmin[0m
[38;5;8m2022-10-13 14:18:47[0m [I] [38;5;78;1mapp[0m apply plugin [38;5;78mcommands[0m
[38;5;8m2022-10-13 14:18:47[0m [I] [38;5;78;1mapp[0m apply plugin [38;5;78mbind[0m
[38;5;8m2022-10-13 14:18:47[0m [I] [38;5;78;1mapp[0m apply plugin [38;5;78mconsole[0m
[38;5;8m2022-10-13 14:18:47[0m [I] [38;5;78;1mapp[0m apply plugin [38;5;78mgroup:console[0m
[38;5;8m2022-10-13 14:18:47[0m [I] [38;5;78;1mapp[0m apply plugin [38;5;78mdataview[0m
[38;5;8m2022-10-13 14:18:47[0m [I] [38;5;78;1mapp[0m apply plugin [38;5;78mlogger[0m
[38;5;8m2022-10-13 14:18:47[0m [I] [38;5;78;1mapp[0m apply plugin [38;5;78minsight[0m
[38;5;8m2022-10-13 14:18:47[0m [I] [38;5;78;1mapp[0m apply plugin [38;5;78mmarket[0m
[38;5;8m2022-10-13 14:18:48[0m [I] [38;5;78;1mapp[0m apply plugin [38;5;78msandbox[0m
[38;5;8m2022-10-13 14:18:48[0m [I] [38;5;78;1mapp[0m apply plugin [38;5;78mstatus[0m
[38;5;8m2022-10-13 14:18:48[0m [I] [38;5;78;1mapp[0m apply plugin [38;5;78mgroup:adapter[0m
[38;5;8m2022-10-13 14:18:48[0m [I] [38;5;78;1mapp[0m apply plugin [38;5;78madapter-onebot[0m
[38;5;8m2022-10-13 14:18:48[0m [I] [38;5;78;1mapp[0m apply plugin [38;5;78mecho:nff1hr[0m
[38;5;8m2022-10-13 14:18:48[0m [I] [38;5;78;1mapp[0m apply plugin [38;5;78mgocqhttp[0m
[38;5;8m2022-10-13 14:18:48[0m [I] [38;5;78;1mapp[0m apply plugin [38;5;78mdatabase-memory:80mygt[0m
[38;5;8m2022-10-13 14:18:48[0m [I] [38;5;78;1mapp[0m server listening at [38;5;78mhttp://localhost:5140[0m
[38;5;8m2022-10-13 14:18:48[0m [D] [38;5;32;1mgocqhttp[0m å½“å‰ç‰ˆæœ¬:v1.0.0-rc3
[38;5;8m2022-10-13 14:18:48[0m [D] [38;5;32;1mgocqhttp[0m å°†ä½¿ç”¨ device.json å†…çš„è®¾å¤‡ä¿¡æ¯è¿è¡ŒBot. 
[38;5;8m2022-10-13 14:18:48[0m [D] [38;5;32;1mgocqhttp[0m å¼€å§‹å°è¯•ç™»å½•å¹¶åŒæ­¥æ¶ˆæ¯... 
[38;5;8m2022-10-13 14:18:48[0m [D] [38;5;32;1mgocqhttp[0m ä½¿ç”¨åè®®: iPad
[38;5;8m2022-10-13 14:18:48[0m [D] [38;5;32;1mgocqhttp[0m Protocol -> connect to server: 157.148.36.57:8080
[38;5;8m2022-10-13 14:18:48[0m [W] [38;5;32;1mgocqhttp[0m Protocol -> device lock is disable. http api may fail.
[38;5;8m2022-10-13 14:18:50[0m [D] [38;5;32;1mgocqhttp[0m ç™»å½•æˆåŠŸ æ¬¢è¿Žä½¿ç”¨: Aya 
[38;5;8m2022-10-13 14:18:50[0m [D] [38;5;32;1mgocqhttp[0m å¼€å§‹åŠ è½½å¥½å‹åˆ—è¡¨...
[38;5;8m2022-10-13 14:18:50[0m [D] [38;5;32;1mgocqhttp[0m å…±åŠ è½½ 3 ä¸ªå¥½å‹. 
[38;5;8m2022-10-13 14:18:50[0m [D] [38;5;32;1mgocqhttp[0m å¼€å§‹åŠ è½½ç¾¤åˆ—è¡¨...
[38;5;8m2022-10-13 14:18:50[0m [D] [38;5;32;1mgocqhttp[0m å…±åŠ è½½ 1 ä¸ªç¾¤.
[38;5;8m2022-10-13 14:18:50[0m [D] [38;5;32;1mgocqhttp[0m èµ„æºåˆå§‹åŒ–å®Œæˆ, å¼€å§‹å¤„ç†ä¿¡æ¯. 
[38;5;8m2022-10-13 14:18:50[0m [D] [38;5;32;1mgocqhttp[0m ã‚¢ãƒˆãƒªã¯ã€é«˜æ€§èƒ½ã§ã™ã‹ã‚‰!
[38;5;8m2022-10-13 14:18:50[0m [D] [38;5;32;1mgocqhttp[0m æ­£åœ¨æ£€æŸ¥æ›´æ–°. 
[38;5;8m2022-10-13 14:18:50[0m [D] [38;5;32;1mgocqhttp[0m CQ WebSocket æœåŠ¡å™¨å·²å¯åŠ¨: [::]:6700
[38;5;8m2022-10-13 14:18:50[0m [D] [38;5;32;1mgocqhttp[0m æŽ¥å— WebSocket è¿žæŽ¥: 127.0.0.1:56541 (/)
[38;5;8m2022-10-13 14:18:50[0m [I] [38;5;214;1madapter[0m connect to server: [38;5;214mws://127.0.0.1:6700[0m
[38;5;8m2022-10-13 14:18:51[0m [D] [38;5;32;1mgocqhttp[0m æ£€æŸ¥æ›´æ–°å®Œæˆ. å½“å‰å·²è¿è¡Œæœ€æ–°ç‰ˆæœ¬. 
[38;5;8m2022-10-13 14:18:51[0m [D] [38;5;32;1mgocqhttp[0m å¼€å§‹è¯Šæ–­ç½‘ç»œæƒ…å†µ
[38;5;8m2022-10-13 14:18:51[0m [D] [38;5;32;1mgocqhttp[0m æ”¶åˆ°æœåŠ¡å™¨åœ°å€æ›´æ–°é€šçŸ¥, å°†åœ¨ä¸‹ä¸€æ¬¡é‡è¿žæ—¶åº”ç”¨.
[38;5;8m2022-10-13 14:18:54[0m [D] [38;5;32;1mgocqhttp[0m ç½‘ç»œè¯Šæ–­å®Œæˆ. æœªå‘çŽ°é—®é¢˜
[38;5;8m2022-10-13 14:31:53[0m [D] [38;5;32;1mgocqhttp[0m æ”¶åˆ°å¥½å‹ Resalia(2419269719) çš„æ¶ˆæ¯: hrlp (754652531)
[38;5;8m2022-10-13 14:31:53[0m [D] [38;5;32;1mgocqhttp[0m å‘é€å¥½å‹ 2419269719(2419269719)  çš„æ¶ˆæ¯: [{"type":" ... (-1513784417)
[38;5;8m2022-10-13 14:32:43[0m [D] [38;5;32;1mgocqhttp[0m æ”¶åˆ°ç¾¤ æ¢¦ã€Resalia(637217549) å†… Resalia(2419269719) çš„æ¶ˆæ¯: [CQ:at,qq=168034743] help (-1721648338)
[38;5;8m2022-10-13 14:32:43[0m [D] [38;5;32;1mgocqhttp[0m å‘é€ç¾¤ æ¢¦ã€Resalia(637217549) çš„æ¶ˆæ¯: [{"type":" ... (6875796)
[38;5;8m2022-10-13 15:18:06[0m [D] [38;5;32;1mgocqhttp[0m å¥½å‹ Resalia(2419269719) å‘é€äº†ç¦»çº¿æ–‡ä»¶ å››çº§.zip
[38;5;8m2022-10-13 15:42:18[0m [D] [38;5;32;1mgocqhttp[0m æ”¶åˆ°å¥½å‹ Resalia(2419269719) çš„æ¶ˆæ¯: 3008896103@qq.com (-1459386442)
[38;5;8m2022-10-13 15:54:12[0m [D] [38;5;32;1mgocqhttp[0m æ”¶åˆ°å¥½å‹ Resalia(2419269719) çš„æ¶ˆæ¯: echo å•¥åŒ• (1086703160)
[38;5;8m2022-10-13 15:54:12[0m [D] [38;5;32;1mgocqhttp[0m å‘é€å¥½å‹ 2419269719(2419269719)  çš„æ¶ˆæ¯: [{"type":" ... (-759018743)
[38;5;8m2022-10-13 16:55:52[0m [I] [38;5;78;1mapp[0m apply plugin [38;5;78mgroup:basic[0m
[38;5;8m2022-10-13 16:55:52[0m [I] [38;5;78;1mapp[0m apply plugin [38;5;78mgroup:entry[0m
[38;5;8m2022-10-13 16:55:52[0m [I] [38;5;78;1mapp[0m [38;5;15;1mKoishi/4.9.5[0m
[38;5;8m2022-10-13 16:55:52[0m [I] [38;5;78;1mapp[0m apply plugin [38;5;78mrate-limit[0m
[38;5;8m2022-10-13 16:55:52[0m [I] [38;5;78;1mapp[0m apply plugin [38;5;78mhelp[0m
[38;5;8m2022-10-13 16:55:52[0m [I] [38;5;78;1mapp[0m apply plugin [38;5;78msuggest[0m
[38;5;8m2022-10-13 16:55:52[0m [I] [38;5;78;1mapp[0m apply plugin [38;5;78mcommands[0m
[38;5;8m2022-10-13 16:55:52[0m [I] [38;5;78;1mapp[0m apply plugin [38;5;78madmin[0m
[38;5;8m2022-10-13 16:55:52[0m [I] [38;5;78;1mapp[0m apply plugin [38;5;78mlocales[0m
[38;5;8m2022-10-13 16:55:52[0m [I] [38;5;78;1mapp[0m apply plugin [38;5;78mbind[0m
[38;5;8m2022-10-13 16:55:52[0m [I] [38;5;78;1mapp[0m apply plugin [38;5;78mgroup:console[0m
[38;5;8m2022-10-13 16:55:52[0m [I] [38;5;78;1mapp[0m apply plugin [38;5;78mlogger[0m
[38;5;8m2022-10-13 16:55:52[0m [I] [38;5;78;1mapp[0m apply plugin [38;5;78mconsole[0m
[38;5;8m2022-10-13 16:55:52[0m [I] [38;5;78;1mapp[0m apply plugin [38;5;78mdataview[0m
[38;5;8m2022-10-13 16:55:52[0m [I] [38;5;78;1mapp[0m apply plugin [38;5;78minsight[0m
[38;5;8m2022-10-13 16:55:52[0m [I] [38;5;78;1mapp[0m apply plugin [38;5;78mmarket[0m
[38;5;8m2022-10-13 16:55:52[0m [I] [38;5;78;1mapp[0m apply plugin [38;5;78mstatus[0m
[38;5;8m2022-10-13 16:55:52[0m [I] [38;5;78;1mapp[0m apply plugin [38;5;78msandbox[0m
[38;5;8m2022-10-13 16:55:52[0m [I] [38;5;78;1mapp[0m apply plugin [38;5;78mgroup:adapter[0m
[38;5;8m2022-10-13 16:55:52[0m [I] [38;5;78;1mapp[0m apply plugin [38;5;78mgocqhttp[0m
[38;5;8m2022-10-13 16:55:52[0m [I] [38;5;78;1mapp[0m apply plugin [38;5;78madapter-onebot[0m
[38;5;8m2022-10-13 16:55:52[0m [I] [38;5;78;1mapp[0m apply plugin [38;5;78mdatabase-memory:80mygt[0m
[38;5;8m2022-10-13 16:55:52[0m [I] [38;5;78;1mapp[0m server listening at [38;5;78mhttp://localhost:5140[0m
[38;5;8m2022-10-13 16:55:52[0m [I] [38;5;78;1mapp[0m apply plugin [38;5;78mecho:nff1hr[0m
[38;5;8m2022-10-13 16:55:52[0m [D] [38;5;32;1mgocqhttp[0m å½“å‰ç‰ˆæœ¬:v1.0.0-rc3 
[38;5;8m2022-10-13 16:55:52[0m [D] [38;5;32;1mgocqhttp[0m å°†ä½¿ç”¨ device.json å†…çš„è®¾å¤‡ä¿¡æ¯è¿è¡ŒBot.
[38;5;8m2022-10-13 16:55:52[0m [D] [38;5;32;1mgocqhttp[0m å¼€å§‹å°è¯•ç™»å½•å¹¶åŒæ­¥æ¶ˆæ¯... 
[38;5;8m2022-10-13 16:55:52[0m [D] [38;5;32;1mgocqhttp[0m ä½¿ç”¨åè®®: iPad
[38;5;8m2022-10-13 16:55:53[0m [D] [38;5;32;1mgocqhttp[0m Protocol -> connect to server: 157.148.42.237:8080
[38;5;8m2022-10-13 16:55:53[0m [W] [38;5;32;1mgocqhttp[0m Protocol -> device lock is disable. http api may fail.
[38;5;8m2022-10-13 16:55:55[0m [D] [38;5;32;1mgocqhttp[0m å¼€å§‹åŠ è½½å¥½å‹åˆ—è¡¨...
[38;5;8m2022-10-13 16:55:55[0m [D] [38;5;32;1mgocqhttp[0m ç™»å½•æˆåŠŸ æ¬¢è¿Žä½¿ç”¨: Aya 
[38;5;8m2022-10-13 16:55:55[0m [D] [38;5;32;1mgocqhttp[0m å…±åŠ è½½ 3 ä¸ªå¥½å‹. 
[38;5;8m2022-10-13 16:55:55[0m [D] [38;5;32;1mgocqhttp[0m å¼€å§‹åŠ è½½ç¾¤åˆ—è¡¨...
[38;5;8m2022-10-13 16:55:55[0m [D] [38;5;32;1mgocqhttp[0m å…±åŠ è½½ 1 ä¸ªç¾¤.
[38;5;8m2022-10-13 16:55:55[0m [D] [38;5;32;1mgocqhttp[0m èµ„æºåˆå§‹åŒ–å®Œæˆ, å¼€å§‹å¤„ç†ä¿¡æ¯. 
[38;5;8m2022-10-13 16:55:55[0m [D] [38;5;32;1mgocqhttp[0m ã‚¢ãƒˆãƒªã¯ã€é«˜æ€§èƒ½ã§ã™ã‹ã‚‰!
[38;5;8m2022-10-13 16:55:55[0m [D] [38;5;32;1mgocqhttp[0m CQ WebSocket æœåŠ¡å™¨å·²å¯åŠ¨: [::]:6700 
[38;5;8m2022-10-13 16:55:55[0m [D] [38;5;32;1mgocqhttp[0m æ­£åœ¨æ£€æŸ¥æ›´æ–°.
[38;5;8m2022-10-13 16:55:55[0m [I] [38;5;214;1madapter[0m connect to server: [38;5;214mws://127.0.0.1:6700[0m
[38;5;8m2022-10-13 16:55:55[0m [D] [38;5;32;1mgocqhttp[0m æŽ¥å— WebSocket è¿žæŽ¥: 127.0.0.1:57510 (/)
[38;5;8m2022-10-13 16:55:56[0m [D] [38;5;32;1mgocqhttp[0m æ£€æŸ¥æ›´æ–°å®Œæˆ. å½“å‰å·²è¿è¡Œæœ€æ–°ç‰ˆæœ¬. 
[38;5;8m2022-10-13 16:55:56[0m [D] [38;5;32;1mgocqhttp[0m å¼€å§‹è¯Šæ–­ç½‘ç»œæƒ…å†µ
[38;5;8m2022-10-13 16:55:56[0m [D] [38;5;32;1mgocqhttp[0m æ”¶åˆ°æœåŠ¡å™¨åœ°å€æ›´æ–°é€šçŸ¥, å°†åœ¨ä¸‹ä¸€æ¬¡é‡è¿žæ—¶åº”ç”¨.
[38;5;8m2022-10-13 16:55:59[0m [D] [38;5;32;1mgocqhttp[0m ç½‘ç»œè¯Šæ–­å®Œæˆ. æœªå‘çŽ°é—®é¢˜
[38;5;8m2022-10-13 20:38:14[0m [I] [38;5;78;1mapp[0m [38;5;15;1mKoishi/4.9.5[0m
[38;5;8m2022-10-13 20:38:14[0m [I] [38;5;78;1mapp[0m apply plugin [38;5;78mgroup:entry[0m
[38;5;8m2022-10-13 20:38:14[0m [I] [38;5;78;1mapp[0m apply plugin [38;5;78mgroup:basic[0m
[38;5;8m2022-10-13 20:38:14[0m [I] [38;5;78;1mapp[0m apply plugin [38;5;78mhelp[0m
[38;5;8m2022-10-13 20:38:14[0m [I] [38;5;78;1mapp[0m apply plugin [38;5;78mrate-limit[0m
[38;5;8m2022-10-13 20:38:14[0m [I] [38;5;78;1mapp[0m apply plugin [38;5;78msuggest[0m
[38;5;8m2022-10-13 20:38:14[0m [I] [38;5;78;1mapp[0m apply plugin [38;5;78mlocales[0m
[38;5;8m2022-10-13 20:38:14[0m [I] [38;5;78;1mapp[0m apply plugin [38;5;78mcommands[0m
[38;5;8m2022-10-13 20:38:14[0m [I] [38;5;78;1mapp[0m apply plugin [38;5;78madmin[0m
[38;5;8m2022-10-13 20:38:14[0m [I] [38;5;78;1mapp[0m apply plugin [38;5;78mbind[0m
[38;5;8m2022-10-13 20:38:14[0m [I] [38;5;78;1mapp[0m apply plugin [38;5;78mgroup:console[0m
[38;5;8m2022-10-13 20:38:14[0m [I] [38;5;78;1mapp[0m apply plugin [38;5;78mconsole[0m
[38;5;8m2022-10-13 20:38:14[0m [I] [38;5;78;1mapp[0m apply plugin [38;5;78mlogger[0m
[38;5;8m2022-10-13 20:38:14[0m [I] [38;5;78;1mapp[0m apply plugin [38;5;78mdataview[0m
[38;5;8m2022-10-13 20:38:14[0m [I] [38;5;78;1mapp[0m apply plugin [38;5;78minsight[0m
[38;5;8m2022-10-13 20:38:14[0m [I] [38;5;78;1mapp[0m apply plugin [38;5;78mmarket[0m
[38;5;8m2022-10-13 20:38:14[0m [I] [38;5;78;1mapp[0m apply plugin [38;5;78msandbox[0m
[38;5;8m2022-10-13 20:38:14[0m [I] [38;5;78;1mapp[0m apply plugin [38;5;78mstatus[0m
[38;5;8m2022-10-13 20:38:14[0m [I] [38;5;78;1mapp[0m apply plugin [38;5;78mgroup:adapter[0m
[38;5;8m2022-10-13 20:38:14[0m [I] [38;5;78;1mapp[0m apply plugin [38;5;78madapter-onebot[0m
[38;5;8m2022-10-13 20:38:14[0m [I] [38;5;78;1mapp[0m apply plugin [38;5;78mgocqhttp[0m
[38;5;8m2022-10-13 20:38:14[0m [I] [38;5;78;1mapp[0m apply plugin [38;5;78mdatabase-memory:80mygt[0m
[38;5;8m2022-10-13 20:38:14[0m [I] [38;5;78;1mapp[0m apply plugin [38;5;78mecho:nff1hr[0m
[38;5;8m2022-10-13 20:38:14[0m [I] [38;5;78;1mapp[0m server listening at [38;5;78mhttp://localhost:5140[0m
[38;5;8m2022-10-13 20:38:14[0m [W] [38;5;178;1mmarket[0m failed to parse [38;5;178mkoishi-plugin-talk[0m
[38;5;8m2022-10-13 20:38:14[0m [D] [38;5;32;1mgocqhttp[0m å½“å‰ç‰ˆæœ¬:v1.0.0-rc3
[38;5;8m2022-10-13 20:38:14[0m [D] [38;5;32;1mgocqhttp[0m å°†ä½¿ç”¨ device.json å†…çš„è®¾å¤‡ä¿¡æ¯è¿è¡ŒBot. 
[38;5;8m2022-10-13 20:38:14[0m [D] [38;5;32;1mgocqhttp[0m å¼€å§‹å°è¯•ç™»å½•å¹¶åŒæ­¥æ¶ˆæ¯... 
[38;5;8m2022-10-13 20:38:14[0m [D] [38;5;32;1mgocqhttp[0m ä½¿ç”¨åè®®: iPad
[38;5;8m2022-10-13 20:38:15[0m [D] [38;5;32;1mgocqhttp[0m Protocol -> connect to server: 157.148.42.237:8080
[38;5;8m2022-10-13 20:38:15[0m [W] [38;5;32;1mgocqhttp[0m Protocol -> device lock is disable. http api may fail.
[38;5;8m2022-10-13 20:38:17[0m [D] [38;5;32;1mgocqhttp[0m ç™»å½•æˆåŠŸ æ¬¢è¿Žä½¿ç”¨: Aya 
[38;5;8m2022-10-13 20:38:17[0m [D] [38;5;32;1mgocqhttp[0m å¼€å§‹åŠ è½½å¥½å‹åˆ—è¡¨...
[38;5;8m2022-10-13 20:38:17[0m [D] [38;5;32;1mgocqhttp[0m å…±åŠ è½½ 3 ä¸ªå¥½å‹. 
[38;5;8m2022-10-13 20:38:17[0m [D] [38;5;32;1mgocqhttp[0m å¼€å§‹åŠ è½½ç¾¤åˆ—è¡¨...
[38;5;8m2022-10-13 20:38:17[0m [D] [38;5;32;1mgocqhttp[0m å…±åŠ è½½ 1 ä¸ªç¾¤.
[38;5;8m2022-10-13 20:38:17[0m [D] [38;5;32;1mgocqhttp[0m èµ„æºåˆå§‹åŒ–å®Œæˆ, å¼€å§‹å¤„ç†ä¿¡æ¯. 
[38;5;8m2022-10-13 20:38:17[0m [D] [38;5;32;1mgocqhttp[0m æ­£åœ¨æ£€æŸ¥æ›´æ–°.
[38;5;8m2022-10-13 20:38:17[0m [D] [38;5;32;1mgocqhttp[0m ã‚¢ãƒˆãƒªã¯ã€é«˜æ€§èƒ½ã§ã™ã‹ã‚‰! 
[38;5;8m2022-10-13 20:38:17[0m [D] [38;5;32;1mgocqhttp[0m CQ WebSocket æœåŠ¡å™¨å·²å¯åŠ¨: [::]:6700
[38;5;8m2022-10-13 20:38:17[0m [D] [38;5;32;1mgocqhttp[0m æŽ¥å— WebSocket è¿žæŽ¥: 127.0.0.1:59642 (/)
[38;5;8m2022-10-13 20:38:17[0m [I] [38;5;214;1madapter[0m connect to server: [38;5;214mws://127.0.0.1:6700[0m
[38;5;8m2022-10-13 20:38:17[0m [D] [38;5;32;1mgocqhttp[0m æ£€æŸ¥æ›´æ–°å®Œæˆ. å½“å‰å·²è¿è¡Œæœ€æ–°ç‰ˆæœ¬. 
[38;5;8m2022-10-13 20:38:17[0m [D] [38;5;32;1mgocqhttp[0m å¼€å§‹è¯Šæ–­ç½‘ç»œæƒ…å†µ
[38;5;8m2022-10-13 20:38:18[0m [D] [38;5;32;1mgocqhttp[0m æ”¶åˆ°æœåŠ¡å™¨åœ°å€æ›´æ–°é€šçŸ¥, å°†åœ¨ä¸‹ä¸€æ¬¡é‡è¿žæ—¶åº”ç”¨.
[38;5;8m2022-10-13 20:38:20[0m [D] [38;5;32;1mgocqhttp[0m ç½‘ç»œè¯Šæ–­å®Œæˆ. æœªå‘çŽ°é—®é¢˜
[38;5;8m2022-10-13 20:38:40[0m [W] [38;5;178;1mmarket[0m warning package-lock.json found. Your project contains lock files generated by tools other than Yarn. It is advised not to mix package managers in order to avoid resolution inconsistencies caused by unsynchronized lock files. To clear this warning, remove package-lock.json.
[38;5;8m2022-10-13 20:38:40[0m [I] [38;5;178;1mmarket[0m [1/4] Resolving packages...
[38;5;8m2022-10-13 20:38:40[0m [I] [38;5;178;1mmarket[0m [2/4] Fetching packages...
[38;5;8m2022-10-13 20:38:41[0m [I] [38;5;178;1mmarket[0m [3/4] Linking dependencies...
[38;5;8m2022-10-13 20:38:41[0m [W] [38;5;178;1mmarket[0m warning "@koishijs/plugin-adapter-discord > @satorijs/adapter-discord@3.2.4" has unmet peer dependency "@satorijs/satori@^1.2.0".
[38;5;8m2022-10-13 20:38:41[0m [W] [38;5;178;1mmarket[0m warning "@koishijs/plugin-adapter-onebot > @satorijs/adapter-onebot@5.2.5" has unmet peer dependency "@satorijs/satori@^1.2.1".
[38;5;8m2022-10-13 20:38:41[0m [W] [38;5;178;1mmarket[0m warning "@koishijs/plugin-adapter-telegram > @satorijs/adapter-telegram@3.4.7" has unmet peer dependency "@satorijs/satori@^1.2.0".
[38;5;8m2022-10-13 20:38:41[0m [W] [38;5;178;1mmarket[0m warning "@koishijs/plugin-database-memory > @minatojs/driver-memory@1.2.0" has unmet peer dependency "@minatojs/core@^1.3.0".
[38;5;8m2022-10-13 20:38:42[0m [I] [38;5;178;1mmarket[0m [4/4] Building fresh packages...
[38;5;8m2022-10-13 20:38:42[0m [I] [38;5;178;1mmarket[0m success Saved lockfile.
[38;5;8m2022-10-13 20:38:43[0m [W] [38;5;178;1mmarket[0m failed to parse [38;5;178mkoishi-plugin-talk[0m
[38;5;8m2022-10-13 20:39:44[0m [I] [38;5;78;1mapp[0m apply plugin [38;5;78mchat:gp36ur[0m
[38;5;8m2022-10-13 20:39:44[0m [W] [38;5;178;1mmarket[0m failed to parse [38;5;178mkoishi-plugin-talk[0m
[38;5;8m2022-10-13 20:40:04[0m [D] [38;5;32;1mgocqhttp[0m æ”¶åˆ°å¥½å‹ Resalia(2419269719) çš„æ¶ˆæ¯: 1 (1202879100)
[38;5;8m2022-10-13 20:40:04[0m [D] [38;5;113;1mmessage[0m [ç§èŠ] Resalia: 1
[38;5;8m2022-10-13 20:40:13[0m [D] [38;5;32;1mgocqhttp[0m æ”¶åˆ°å¥½å‹ Resalia(2419269719) çš„æ¶ˆæ¯: help (-640225313)
[38;5;8m2022-10-13 20:40:13[0m [D] [38;5;113;1mmessage[0m [ç§èŠ] Resalia: help
[38;5;8m2022-10-13 20:40:13[0m [D] [38;5;32;1mgocqhttp[0m å‘é€å¥½å‹ 2419269719(2419269719)  çš„æ¶ˆæ¯: [{"type":" ... (-1513784417)
[38;5;8m2022-10-13 20:40:35[0m [D] [38;5;113;1mmessage[0m [#] Carol: echo 1
[38;5;8m2022-10-13 20:40:47[0m [D] [38;5;113;1mmessage[0m [#] Bob: ä½ å¥½
[38;5;8m2022-10-13 20:42:40[0m [D] [38;5;32;1mgocqhttp[0m æ”¶åˆ°å¥½å‹ Resalia(2419269719) çš„æ¶ˆæ¯: hello (-1361977527)
[38;5;8m2022-10-13 20:42:40[0m [D] [38;5;113;1mmessage[0m [ç§èŠ] Resalia: hello
[38;5;8m2022-10-13 20:42:52[0m [D] [38;5;113;1mmessage[0m [#] Bob: help
[38;5;8m2022-10-13 20:42:57[0m [D] [38;5;113;1mmessage[0m [#] Bob: timer
[38;5;8m2022-10-13 20:43:43[0m [W] [38;5;178;1mmarket[0m warning package-lock.json found. Your project contains lock files generated by tools other than Yarn. It is advised not to mix package managers in order to avoid resolution inconsistencies caused by unsynchronized lock files. To clear this warning, remove package-lock.json.
[38;5;8m2022-10-13 20:43:43[0m [I] [38;5;178;1mmarket[0m [1/4] Resolving packages...
[38;5;8m2022-10-13 20:43:44[0m [I] [38;5;178;1mmarket[0m [2/4] Fetching packages...
[38;5;8m2022-10-13 20:43:44[0m [I] [38;5;178;1mmarket[0m [3/4] Linking dependencies...
[38;5;8m2022-10-13 20:43:44[0m [W] [38;5;178;1mmarket[0m warning "@koishijs/plugin-adapter-discord > @satorijs/adapter-discord@3.2.4" has unmet peer dependency "@satorijs/satori@^1.2.0".
[38;5;8m2022-10-13 20:43:44[0m [W] [38;5;178;1mmarket[0m warning "@koishijs/plugin-adapter-onebot > @satorijs/adapter-onebot@5.2.5" has unmet peer dependency "@satorijs/satori@^1.2.1".
[38;5;8m2022-10-13 20:43:44[0m [W] [38;5;178;1mmarket[0m warning "@koishijs/plugin-adapter-telegram > @satorijs/adapter-telegram@3.4.7" has unmet peer dependency "@satorijs/satori@^1.2.0".
[38;5;8m2022-10-13 20:43:44[0m [W] [38;5;178;1mmarket[0m warning "@koishijs/plugin-database-memory > @minatojs/driver-memory@1.2.0" has unmet peer dependency "@minatojs/core@^1.3.0".
[38;5;8m2022-10-13 20:43:45[0m [I] [38;5;178;1mmarket[0m [4/4] Building fresh packages...
[38;5;8m2022-10-13 20:43:45[0m [I] [38;5;178;1mmarket[0m success Saved lockfile.
[38;5;8m2022-10-13 20:43:47[0m [W] [38;5;178;1mmarket[0m failed to parse [38;5;178mkoishi-plugin-talk[0m
[38;5;8m2022-10-13 20:43:51[0m [I] [38;5;78;1mapp[0m apply plugin [38;5;78mcrazy-thursday:xgor0j[0m
[38;5;8m2022-10-13 20:43:51[0m [W] [38;5;178;1mmarket[0m failed to parse [38;5;178mkoishi-plugin-talk[0m
[38;5;8m2022-10-13 20:43:59[0m [D] [38;5;113;1mmessage[0m [#] Bob: ç–¯ç‹‚
[38;5;8m2022-10-13 20:44:02[0m [D] [38;5;113;1mmessage[0m [#] Bob: help
[38;5;8m2022-10-13 20:44:07[0m [D] [38;5;113;1mmessage[0m [#] Bob: thursday  
[38;5;8m2022-10-13 20:44:13[0m [D] [38;5;113;1mmessage[0m [#] Bob: thursday  
[38;5;8m2022-10-13 20:44:15[0m [D] [38;5;113;1mmessage[0m [#] Bob: thursday  
[38;5;8m2022-10-13 20:44:17[0m [D] [38;5;113;1mmessage[0m [#] Bob: thursday  
[38;5;8m2022-10-13 20:44:30[0m [D] [38;5;32;1mgocqhttp[0m æ”¶åˆ°å¥½å‹ Resalia(2419269719) çš„æ¶ˆæ¯: help (936939251)
[38;5;8m2022-10-13 20:44:30[0m [D] [38;5;113;1mmessage[0m [ç§èŠ] Resalia: help
[38;5;8m2022-10-13 20:44:30[0m [D] [38;5;32;1mgocqhttp[0m å‘é€å¥½å‹ 2419269719(2419269719)  çš„æ¶ˆæ¯: [{"type":" ... (-759018743)
[38;5;8m2022-10-13 20:44:35[0m [D] [38;5;113;1mmessage[0m [ç§èŠ] Resalia: thursday
[38;5;8m2022-10-13 20:44:35[0m [D] [38;5;32;1mgocqhttp[0m æ”¶åˆ°å¥½å‹ Resalia(2419269719) çš„æ¶ˆæ¯: thursday (1088405093)
[38;5;8m2022-10-13 20:44:35[0m [D] [38;5;32;1mgocqhttp[0m å‘é€å¥½å‹ 2419269719(2419269719)  çš„æ¶ˆæ¯: [{"type":" ... (1286004394)
[38;5;8m2022-10-13 20:45:33[0m [D] [38;5;32;1mgocqhttp[0m æ”¶åˆ°æ¥è‡ªç¾¤ Grievous lady(346576350) å†…ç”¨æˆ· çœŸçºªçœŸ(2419269719) çš„åŠ ç¾¤é‚€è¯·.
[38;5;8m2022-10-13 20:45:34[0m [D] [38;5;32;1mgocqhttp[0m Botè¿›å…¥äº†ç¾¤ Grievous lady(346576350).
[38;5;8m2022-10-13 20:45:53[0m [D] [38;5;32;1mgocqhttp[0m æ”¶åˆ°ç¾¤ Grievous lady(346576350) å†… çœŸçºªçœŸ(2419269719) çš„æ¶ˆæ¯: [CQ:at,qq=168034743] Thursday (472681692)
[38;5;8m2022-10-13 20:45:53[0m [D] [38;5;113;1mmessage[0m [Grievous lady] Resalia: @ Thursday
[38;5;8m2022-10-13 20:45:53[0m [D] [38;5;32;1mgocqhttp[0m å‘é€ç¾¤ Grievous lady(346576350) çš„æ¶ˆæ¯: [{"type":" ... (2095777081)
[38;5;8m2022-10-13 20:46:00[0m [D] [38;5;32;1mgocqhttp[0m æ”¶åˆ°ç¾¤ Grievous lady(346576350) å†… çœŸçºªçœŸ(2419269719) çš„æ¶ˆæ¯: å¯„å§ (200029615)
[38;5;8m2022-10-13 20:46:00[0m [D] [38;5;113;1mmessage[0m [Grievous lady] Resalia: å¯„å§
[38;5;8m2022-10-13 20:46:05[0m [D] [38;5;32;1mgocqhttp[0m æ”¶åˆ°ç¾¤ Grievous lady(346576350) å†… ðŸ±(2360684627) çš„æ¶ˆæ¯: æ­å–œ (-1830460395)
[38;5;8m2022-10-13 20:46:05[0m [D] [38;5;113;1mmessage[0m [Grievous lady] ðŸ±: æ­å–œ
[38;5;8m2022-10-13 20:46:11[0m [D] [38;5;32;1mgocqhttp[0m æ”¶åˆ°ç¾¤ Grievous lady(346576350) å†… çœŸçºªçœŸ(2419269719) çš„æ¶ˆæ¯: [CQ:at,qq=168034743] thursday (-438152061)
[38;5;8m2022-10-13 20:46:11[0m [D] [38;5;113;1mmessage[0m [Grievous lady] Resalia: @ thursday
[38;5;8m2022-10-13 20:46:12[0m [D] [38;5;32;1mgocqhttp[0m å‘é€ç¾¤ Grievous lady(346576350) çš„æ¶ˆæ¯: [{"type":" ... (2072428832)
[38;5;8m2022-10-13 20:46:14[0m [D] [38;5;32;1mgocqhttp[0m æ”¶åˆ°ç¾¤ Grievous lady(346576350) å†… ðŸ±(2360684627) çš„æ¶ˆæ¯: [CQ:at,qq=168034743] echo Hello (209842614)
[38;5;8m2022-10-13 20:46:14[0m [D] [38;5;113;1mmessage[0m [Grievous lady] ðŸ±: @ echo Hello
[38;5;8m2022-10-13 20:46:15[0m [D] [38;5;32;1mgocqhttp[0m å‘é€ç¾¤ Grievous lady(346576350) çš„æ¶ˆæ¯: [{"type":" ... (-1786208244)
[38;5;8m2022-10-13 20:46:19[0m [D] [38;5;32;1mgocqhttp[0m æ”¶åˆ°ç¾¤ Grievous lady(346576350) å†… ðŸ±(2360684627) çš„æ¶ˆæ¯: [CQ:image,file=0a49743d3c97227a71c750639242c78f.image,subType=1,url=https://gchat.qpic.cn/gchatpic_new/2360684627/2611576350-3013552684-0A49743D3C97227A71C750639242C78F/0?term=3] (-493907814)
[38;5;8m2022-10-13 20:46:19[0m [D] [38;5;113;1mmessage[0m [Grievous lady] ðŸ±: [å›¾ç‰‡]
[38;5;8m2022-10-13 20:46:24[0m [D] [38;5;113;1mmessage[0m [Grievous lady] Resalia: [å›¾ç‰‡]
[38;5;8m2022-10-13 20:46:24[0m [D] [38;5;32;1mgocqhttp[0m æ”¶åˆ°ç¾¤ Grievous lady(346576350) å†… çœŸçºªçœŸ(2419269719) çš„æ¶ˆæ¯: [CQ:image,file=59c3e54331efab8196821c280e8d704c.image,subType=1,url=https://gchat.qpic.cn/gchatpic_new/2419269719/2611576350-2739885912-59C3E54331EFAB8196821C280E8D704C/0?term=3] (1915784459)
[38;5;8m2022-10-13 20:46:33[0m [D] [38;5;32;1mgocqhttp[0m æ”¶åˆ°ç¾¤ Grievous lady(346576350) å†… æˆæ­¥å”é¾™ä¸€(1533125728) çš„æ¶ˆæ¯: å¾—ç»™ä¸ªç®¡ç†å‘˜ (87539101)
[38;5;8m2022-10-13 20:46:33[0m [D] [38;5;113;1mmessage[0m [Grievous lady] æˆæ­¥å”é¾™ä¸€: å¾—ç»™ä¸ªç®¡ç†å‘˜
[38;5;8m2022-10-13 20:46:37[0m [D] [38;5;32;1mgocqhttp[0m æ”¶åˆ°ç¾¤ Grievous lady(346576350) å†… æˆæ­¥å”é¾™ä¸€(1533125728) çš„æ¶ˆæ¯: [CQ:at,qq=2360684627]  (-1351679959)
[38;5;8m2022-10-13 20:46:37[0m [D] [38;5;113;1mmessage[0m [Grievous lady] æˆæ­¥å”é¾™ä¸€: @ 
[38;5;8m2022-10-13 20:46:50[0m [D] [38;5;32;1mgocqhttp[0m æ”¶åˆ°ç¾¤ Grievous lady(346576350) å†… ðŸ±(2360684627) çš„æ¶ˆæ¯: æ˜¯æˆ‘çš„æ“ä½œæƒé™ä¸è¶³ (-664260417)
[38;5;8m2022-10-13 20:46:50[0m [D] [38;5;113;1mmessage[0m [Grievous lady] ðŸ±: æ˜¯æˆ‘çš„æ“ä½œæƒé™ä¸è¶³
[38;5;8m2022-10-13 20:46:54[0m [D] [38;5;32;1mgocqhttp[0m æ”¶åˆ°ç¾¤ Grievous lady(346576350) å†… ðŸ±(2360684627) çš„æ¶ˆæ¯: But anyway (1096900869)
[38;5;8m2022-10-13 20:46:54[0m [D] [38;5;113;1mmessage[0m [Grievous lady] ðŸ±: But anyway
[38;5;8m2022-10-13 20:47:01[0m [D] [38;5;32;1mgocqhttp[0m æ”¶åˆ°ç¾¤ Grievous lady(346576350) å†… æˆæ­¥å”é¾™ä¸€(1533125728) çš„æ¶ˆæ¯: å“¦å“¦å“¦é‚£æ²¡äº‹äº†å®è´ (912675219)
[38;5;8m2022-10-13 20:47:01[0m [D] [38;5;113;1mmessage[0m [Grievous lady] æˆæ­¥å”é¾™ä¸€: å“¦å“¦å“¦é‚£æ²¡äº‹äº†å®è´
[38;5;8m2022-10-13 20:47:03[0m [D] [38;5;113;1mmessage[0m [Grievous lady] ðŸ±: æˆ‘ä»¬è¿˜æ˜¯æŠŠä¹‹å‰é‚£ä¸ªBotæ‹‰å›žæ¥å§
[38;5;8m2022-10-13 20:47:03[0m [D] [38;5;32;1mgocqhttp[0m æ”¶åˆ°ç¾¤ Grievous lady(346576350) å†… ðŸ±(2360684627) çš„æ¶ˆæ¯: æˆ‘ä»¬è¿˜æ˜¯æŠŠä¹‹å‰é‚£ä¸ªBotæ‹‰å›žæ¥å§ (-1476213712)
[38;5;8m2022-10-13 20:47:03[0m [D] [38;5;32;1mgocqhttp[0m æ”¶åˆ°ç¾¤ Grievous lady(346576350) å†… çœŸçºªçœŸ(2419269719) çš„æ¶ˆæ¯: äº‹å®žä¸Š (-553257818)
[38;5;8m2022-10-13 20:47:03[0m [D] [38;5;113;1mmessage[0m [Grievous lady] Resalia: äº‹å®žä¸Š
[38;5;8m2022-10-13 20:47:06[0m [D] [38;5;32;1mgocqhttp[0m æ”¶åˆ°ç¾¤ Grievous lady(346576350) å†… ðŸ±(2360684627) çš„æ¶ˆæ¯: æˆ‘ä¹Ÿæƒ³æžäº†å®è´ (1175233820)
[38;5;8m2022-10-13 20:47:06[0m [D] [38;5;113;1mmessage[0m [Grievous lady] ðŸ±: æˆ‘ä¹Ÿæƒ³æžäº†å®è´
[38;5;8m2022-10-13 20:47:11[0m [D] [38;5;32;1mgocqhttp[0m æ”¶åˆ°ç¾¤ Grievous lady(346576350) å†… æˆæ­¥å”é¾™ä¸€(1533125728) çš„æ¶ˆæ¯: [CQ:reply,id=1175233820][CQ:at,qq=2360684627] [CQ:at,qq=2360684627] å¯ä»¥çš„å®è´ (822842762)
[38;5;8m2022-10-13 20:47:11[0m [D] [38;5;113;1mmessage[0m [Grievous lady] æˆæ­¥å”é¾™ä¸€: @ @ å¯ä»¥çš„å®è´
[38;5;8m2022-10-13 20:47:11[0m [D] [38;5;32;1mgocqhttp[0m æ”¶åˆ°ç¾¤ Grievous lady(346576350) å†… çœŸçºªçœŸ(2419269719) çš„æ¶ˆæ¯: æˆ‘@ä»–ä¹Ÿä¼šè¿™æ · (-1582004197)
[38;5;8m2022-10-13 20:47:11[0m [D] [38;5;113;1mmessage[0m [Grievous lady] Resalia: æˆ‘@ä»–ä¹Ÿä¼šè¿™æ ·
[38;5;8m2022-10-13 20:47:19[0m [D] [38;5;32;1mgocqhttp[0m æ”¶åˆ°ç¾¤ Grievous lady(346576350) å†… ðŸ±(2360684627) çš„æ¶ˆæ¯: ï¼Ÿ (-692864883)
[38;5;8m2022-10-13 20:47:19[0m [D] [38;5;113;1mmessage[0m [Grievous lady] ðŸ±: ï¼Ÿ
[38;5;8m2022-10-13 20:47:20[0m [D] [38;5;32;1mgocqhttp[0m æ”¶åˆ°ç¾¤ Grievous lady(346576350) å†… çœŸçºªçœŸ(2419269719) çš„æ¶ˆæ¯: [CQ:at,qq=168034743] echo å•¥ç¬” (-1233899160)
[38;5;8m2022-10-13 20:47:20[0m [D] [38;5;113;1mmessage[0m [Grievous lady] Resalia: @ echo å•¥ç¬”
[38;5;8m2022-10-13 20:47:20[0m [D] [38;5;32;1mgocqhttp[0m å‘é€ç¾¤ Grievous lady(346576350) çš„æ¶ˆæ¯: [{"type":" ... (-1049427458)
[38;5;8m2022-10-13 20:47:20[0m [D] [38;5;32;1mgocqhttp[0m æ”¶åˆ°ç¾¤ Grievous lady(346576350) å†… ðŸ±(2360684627) çš„æ¶ˆæ¯: ç‰›é€¼ (1484410948)
[38;5;8m2022-10-13 20:47:20[0m [D] [38;5;113;1mmessage[0m [Grievous lady] ðŸ±: ç‰›é€¼
[38;5;8m2022-10-13 20:47:22[0m [D] [38;5;32;1mgocqhttp[0m æ”¶åˆ°ç¾¤ Grievous lady(346576350) å†… ðŸ±(2360684627) çš„æ¶ˆæ¯: [CQ:image,file=8dda8b88349a9d8988127243aeaaace5.image,subType=1,url=https://gchat.qpic.cn/gchatpic_new/2360684627/2611576350-2732952810-8DDA8B88349A9D8988127243AEAAACE5/0?term=3] (796745938)
[38;5;8m2022-10-13 20:47:22[0m [D] [38;5;113;1mmessage[0m [Grievous lady] ðŸ±: [å›¾ç‰‡]
[38;5;8m2022-10-13 20:47:26[0m [D] [38;5;32;1mgocqhttp[0m æ”¶åˆ°ç¾¤ Grievous lady(346576350) å†… ðŸ±(2360684627) çš„æ¶ˆæ¯: å™— (-1323698831)
[38;5;8m2022-10-13 20:47:26[0m [D] [38;5;113;1mmessage[0m [Grievous lady] ðŸ±: å™—
[38;5;8m2022-10-13 20:47:33[0m [D] [38;5;32;1mgocqhttp[0m æ”¶åˆ°ç¾¤ Grievous lady(346576350) å†… æˆæ­¥å”é¾™ä¸€(1533125728) çš„æ¶ˆæ¯: ç¬‘æ­»äº† (-971061785)
[38;5;8m2022-10-13 20:47:33[0m [D] [38;5;113;1mmessage[0m [Grievous lady] æˆæ­¥å”é¾™ä¸€: ç¬‘æ­»äº†
[38;5;8m2022-10-13 20:47:48[0m [D] [38;5;113;1mmessage[0m [ç§èŠ] Resalia: echo 1
[38;5;8m2022-10-13 20:47:48[0m [D] [38;5;32;1mgocqhttp[0m æ”¶åˆ°å¥½å‹ Resalia(2419269719) çš„æ¶ˆæ¯: echo 1 (1588153149)
[38;5;8m2022-10-13 20:47:48[0m [D] [38;5;32;1mgocqhttp[0m å‘é€å¥½å‹ 2419269719(2419269719)  çš„æ¶ˆæ¯: [{"type":" ... (1000468028)
[38;5;8m2022-10-13 20:47:55[0m [D] [38;5;32;1mgocqhttp[0m æ”¶åˆ°ç¾¤ Grievous lady(346576350) å†… æˆæ­¥å”é¾™ä¸€(1533125728) çš„æ¶ˆæ¯: è‡ªå·±åˆ›å»ºçš„æœºå™¨äººè‡ªå·±æƒé™ä¸å¤Ÿ (1595380829)
[38;5;8m2022-10-13 20:47:55[0m [D] [38;5;113;1mmessage[0m [Grievous lady] æˆæ­¥å”é¾™ä¸€: è‡ªå·±åˆ›å»ºçš„æœºå™¨äººè‡ªå·±æƒé™ä¸å¤Ÿ
[38;5;8m2022-10-13 20:48:06[0m [D] [38;5;32;1mgocqhttp[0m æ”¶åˆ°ç¾¤ Grievous lady(346576350) å†… çœŸçºªçœŸ(2419269719) çš„æ¶ˆæ¯: ç¬‘æ­»äº† (672179403)
[38;5;8m2022-10-13 20:48:06[0m [D] [38;5;113;1mmessage[0m [Grievous lady] Resalia: ç¬‘æ­»äº†
[38;5;8m2022-10-13 20:48:11[0m [D] [38;5;32;1mgocqhttp[0m æ”¶åˆ°ç¾¤ Grievous lady(346576350) å†… çœŸçºªçœŸ(2419269719) çš„æ¶ˆæ¯: å“„å ‚å¤§ç¬‘äº† (-1196443302)
[38;5;8m2022-10-13 20:48:11[0m [D] [38;5;113;1mmessage[0m [Grievous lady] Resalia: å“„å ‚å¤§ç¬‘äº†
[38;5;8m2022-10-13 20:50:52[0m [D] [38;5;32;1mgocqhttp[0m æ”¶åˆ°ç¾¤ Grievous lady(346576350) å†… ðŸ±(2360684627) çš„æ¶ˆæ¯: è¿™ä¸ªBotå‡†å¤‡åšç‚¹å•¥ (-811038260)
[38;5;8m2022-10-13 20:50:52[0m [D] [38;5;113;1mmessage[0m [Grievous lady] ðŸ±: è¿™ä¸ªBotå‡†å¤‡åšç‚¹å•¥
[38;5;8m2022-10-13 20:51:09[0m [D] [38;5;32;1mgocqhttp[0m æ”¶åˆ°ç¾¤ Grievous lady(346576350) å†… çœŸçºªçœŸ(2419269719) çš„æ¶ˆæ¯: ç›®å‰åªèƒ½è¾“å‡ºç–¯ç‹‚æ˜ŸæœŸå››æ–‡å­¦ (-1655086421)
[38;5;8m2022-10-13 20:51:09[0m [D] [38;5;113;1mmessage[0m [Grievous lady] Resalia: ç›®å‰åªèƒ½è¾“å‡ºç–¯ç‹‚æ˜ŸæœŸå››æ–‡å­¦
[38;5;8m2022-10-13 20:51:24[0m [D] [38;5;32;1mgocqhttp[0m æ”¶åˆ°ç¾¤ Grievous lady(346576350) å†… çœŸçºªçœŸ(2419269719) çš„æ¶ˆæ¯: æ™ºå•†ä¸å¦‚å°å†° (-362917315)
[38;5;8m2022-10-13 20:51:24[0m [D] [38;5;113;1mmessage[0m [Grievous lady] Resalia: æ™ºå•†ä¸å¦‚å°å†°
[38;5;8m2022-10-13 20:51:34[0m [D] [38;5;32;1mgocqhttp[0m æ”¶åˆ°ç¾¤ Grievous lady(346576350) å†… ðŸ±(2360684627) çš„æ¶ˆæ¯: æŽ¥ä¸ªAzure (1935082375)
[38;5;8m2022-10-13 20:51:34[0m [D] [38;5;113;1mmessage[0m [Grievous lady] ðŸ±: æŽ¥ä¸ªAzure
[38;5;8m2022-10-13 20:51:40[0m [D] [38;5;32;1mgocqhttp[0m æ”¶åˆ°ç¾¤ Grievous lady(346576350) å†… ðŸ±(2360684627) çš„æ¶ˆæ¯: æ™ºå•†è¹­è¹­è¹­çš„å°±å¾€ä¸Šæ¶¨ (72364817)
[38;5;8m2022-10-13 20:51:40[0m [D] [38;5;113;1mmessage[0m [Grievous lady] ðŸ±: æ™ºå•†è¹­è¹­è¹­çš„å°±å¾€ä¸Šæ¶¨
[38;5;8m2022-10-13 20:52:03[0m [D] [38;5;32;1mgocqhttp[0m æ”¶åˆ°ç¾¤ Grievous lady(346576350) å†… æˆæ­¥å”é¾™ä¸€(1533125728) çš„æ¶ˆæ¯: [CQ:reply,id=72364817][CQ:at,qq=2360684627] [CQ:at,qq=2360684627] è‰ (-1707825486)
[38;5;8m2022-10-13 20:52:03[0m [D] [38;5;113;1mmessage[0m [Grievous lady] æˆæ­¥å”é¾™ä¸€: @ @ è‰
[38;5;8m2022-10-13 20:52:14[0m [D] [38;5;32;1mgocqhttp[0m æ”¶åˆ°ç¾¤ Grievous lady(346576350) å†… æˆæ­¥å”é¾™ä¸€(1533125728) çš„æ¶ˆæ¯: å¯èƒ½ä¼š) (-315386332)
[38;5;8m2022-10-13 20:52:14[0m [D] [38;5;113;1mmessage[0m [Grievous lady] æˆæ­¥å”é¾™ä¸€: å¯èƒ½ä¼š)
[38;5;8m2022-10-13 20:52:33[0m [D] [38;5;32;1mgocqhttp[0m æ”¶åˆ°ç¾¤ Grievous lady(346576350) å†… ðŸ±(2360684627) çš„æ¶ˆæ¯: [CQ:reply,id=-315386332][CQ:at,qq=1533125728] [CQ:at,qq=1533125728] åæ­£Azureçš„å¯¹è¯æœåŠ¡æ˜¯å…è´¹çš„ï¼ˆ (1950009246)
[38;5;8m2022-10-13 20:52:33[0m [D] [38;5;113;1mmessage[0m [Grievous lady] ðŸ±: @ @ åæ­£Azureçš„å¯¹è¯æœåŠ¡æ˜¯å…è´¹çš„ï¼ˆ
[38;5;8m2022-10-13 20:52:38[0m [D] [38;5;113;1mmessage[0m [Grievous lady] ðŸ±: Why notï¼ˆ
[38;5;8m2022-10-13 20:52:38[0m [D] [38;5;32;1mgocqhttp[0m æ”¶åˆ°ç¾¤ Grievous lady(346576350) å†… ðŸ±(2360684627) çš„æ¶ˆæ¯: Why notï¼ˆ (54392584)
[38;5;8m2022-10-13 20:56:29[0m [D] [38;5;113;1mmessage[0m [Grievous lady] Resalia: æœ‰æ²¡æœ‰
[38;5;8m2022-10-13 20:56:29[0m [D] [38;5;32;1mgocqhttp[0m æ”¶åˆ°ç¾¤ Grievous lady(346576350) å†… çœŸçºªçœŸ(2419269719) çš„æ¶ˆæ¯: æœ‰æ²¡æœ‰ (-1820136807)
[38;5;8m2022-10-13 20:56:37[0m [D] [38;5;32;1mgocqhttp[0m æ”¶åˆ°ç¾¤ Grievous lady(346576350) å†… çœŸçºªçœŸ(2419269719) çš„æ¶ˆæ¯: å®‰ä¸œä¹‹å­ (-460989937)
[38;5;8m2022-10-13 20:56:37[0m [D] [38;5;113;1mmessage[0m [Grievous lady] Resalia: å®‰ä¸œä¹‹å­
[38;5;8m2022-10-13 20:56:54[0m [D] [38;5;32;1mgocqhttp[0m æ”¶åˆ°ç¾¤ Grievous lady(346576350) å†… ðŸ±(2360684627) çš„æ¶ˆæ¯: æˆ‘æœ‰å®‰ä¸œä¹‹å­ 2.0 (-2076027926)
[38;5;8m2022-10-13 20:56:54[0m [D] [38;5;113;1mmessage[0m [Grievous lady] ðŸ±: æˆ‘æœ‰å®‰ä¸œä¹‹å­ 2.0
[38;5;8m2022-10-13 20:57:52[0m [D] [38;5;32;1mgocqhttp[0m æ”¶åˆ°ç¾¤ Grievous lady(346576350) å†… çœŸçºªçœŸ(2419269719) çš„æ¶ˆæ¯: [CQ:image,file=ca39fe6344f3a2d11aac8fba527b5851.image,subType=0,url=https://gchat.qpic.cn/gchatpic_new/2419269719/2611576350-2392184390-CA39FE6344F3A2D11AAC8FBA527B5851/0?term=3] (-213556356)
[38;5;8m2022-10-13 20:57:52[0m [D] [38;5;113;1mmessage[0m [Grievous lady] Resalia: [å›¾ç‰‡]
[38;5;8m2022-10-13 20:57:59[0m [D] [38;5;32;1mgocqhttp[0m æ”¶åˆ°ç¾¤ Grievous lady(346576350) å†… çœŸçºªçœŸ(2419269719) çš„æ¶ˆæ¯: ä»–è¯†åˆ«ä¸å‡ºå¤§ä½¬çš„ðŸ± (1783378630)
[38;5;8m2022-10-13 20:57:59[0m [D] [38;5;113;1mmessage[0m [Grievous lady] Resalia: ä»–è¯†åˆ«ä¸å‡ºå¤§ä½¬çš„ðŸ±
[38;5;8m2022-10-13 20:58:20[0m [D] [38;5;32;1mgocqhttp[0m æ”¶åˆ°ç¾¤ Grievous lady(346576350) å†… çœŸçºªçœŸ(2419269719) çš„æ¶ˆæ¯: åŽç»­åº”è¯¥æä¾›emojiæ”¯æŒ (491455056)
[38;5;8m2022-10-13 20:58:20[0m [D] [38;5;113;1mmessage[0m [Grievous lady] Resalia: åŽç»­åº”è¯¥æä¾›emojiæ”¯æŒ
[38;5;8m2022-10-13 20:58:23[0m [D] [38;5;32;1mgocqhttp[0m æ”¶åˆ°ç¾¤ Grievous lady(346576350) å†… ðŸ±(2360684627) çš„æ¶ˆæ¯: ä¼°è®¡æ˜¯å‘½ä»¤è¡Œè¾“å‡ºçš„ç¼–ç é—®é¢˜ (-2094032909)
[38;5;8m2022-10-13 20:58:23[0m [D] [38;5;113;1mmessage[0m [Grievous lady] ðŸ±: ä¼°è®¡æ˜¯å‘½ä»¤è¡Œè¾“å‡ºçš„ç¼–ç é—®é¢˜
[38;5;8m2022-10-13 21:05:15[0m [D] [38;5;32;1mgocqhttp[0m æ”¶åˆ°å¥½å‹ Resalia(2419269719) çš„æ¶ˆæ¯: ç–¯ç‹‚æ˜ŸæœŸå›› (-326284988)
[38;5;8m2022-10-13 21:05:15[0m [D] [38;5;113;1mmessage[0m [ç§èŠ] Resalia: ç–¯ç‹‚æ˜ŸæœŸå››
[38;5;8m2022-10-13 21:05:15[0m [D] [38;5;32;1mgocqhttp[0m å‘é€å¥½å‹ 2419269719(2419269719)  çš„æ¶ˆæ¯: [{"type":" ... (-1565999226)
[38;5;8m2022-10-13 21:05:24[0m [D] [38;5;32;1mgocqhttp[0m æ”¶åˆ°ç¾¤ Grievous lady(346576350) å†… çœŸçºªçœŸ(2419269719) çš„æ¶ˆæ¯: [CQ:at,qq=168034743] væˆ‘50 (-198662299)
[38;5;8m2022-10-13 21:05:24[0m [D] [38;5;113;1mmessage[0m [Grievous lady] Resalia: @ væˆ‘50
[38;5;8m2022-10-13 21:05:30[0m [D] [38;5;32;1mgocqhttp[0m æ”¶åˆ°ç¾¤ Grievous lady(346576350) å†… çœŸçºªçœŸ(2419269719) çš„æ¶ˆæ¯: ï¼Ÿ (1830942431)
[38;5;8m2022-10-13 21:05:30[0m [D] [38;5;113;1mmessage[0m [Grievous lady] Resalia: ï¼Ÿ
[38;5;8m2022-10-13 21:05:36[0m [D] [38;5;32;1mgocqhttp[0m æ”¶åˆ°ç¾¤ Grievous lady(346576350) å†… çœŸçºªçœŸ(2419269719) çš„æ¶ˆæ¯: [CQ:at,qq=168034743] ç–¯ç‹‚æ˜ŸæœŸå›› (438748745)
[38;5;8m2022-10-13 21:05:36[0m [D] [38;5;113;1mmessage[0m [Grievous lady] Resalia: @ ç–¯ç‹‚æ˜ŸæœŸå››
[38;5;8m2022-10-13 21:05:37[0m [D] [38;5;32;1mgocqhttp[0m å‘é€ç¾¤ Grievous lady(346576350) çš„æ¶ˆæ¯: [{"type":" ... (-1969628200)
[38;5;8m2022-10-13 21:05:58[0m [D] [38;5;32;1mgocqhttp[0m æ”¶åˆ°ç¾¤ Grievous lady(346576350) å†… çœŸçºªçœŸ(2419269719) çš„æ¶ˆæ¯: [CQ:at,qq=168034743] væˆ‘50 (-39916722)
[38;5;8m2022-10-13 21:05:58[0m [D] [38;5;113;1mmessage[0m [Grievous lady] Resalia: @ væˆ‘50
[38;5;8m2022-10-13 21:06:09[0m [D] [38;5;32;1mgocqhttp[0m æ”¶åˆ°ç¾¤ Grievous lady(346576350) å†… ðŸ±(2360684627) çš„æ¶ˆæ¯: [CQ:at,qq=168034743]  (-888945363)
[38;5;8m2022-10-13 21:06:09[0m [D] [38;5;113;1mmessage[0m [Grievous lady] ðŸ±: @ 
[38;5;8m2022-10-13 21:06:12[0m [D] [38;5;32;1mgocqhttp[0m æ”¶åˆ°ç¾¤ Grievous lady(346576350) å†… ðŸ±(2360684627) çš„æ¶ˆæ¯: [CQ:image,file=940a1664c0ea691d56574ad8bf54bfa7.image,subType=1,url=https://gchat.qpic.cn/gchatpic_new/2360684627/2611576350-2316206052-940A1664C0EA691D56574AD8BF54BFA7/0?term=3] (-1140525637)
[38;5;8m2022-10-13 21:06:12[0m [D] [38;5;113;1mmessage[0m [Grievous lady] ðŸ±: [å›¾ç‰‡]
[38;5;8m2022-10-13 21:06:24[0m [D] [38;5;32;1mgocqhttp[0m æ”¶åˆ°ç¾¤ Grievous lady(346576350) å†… ðŸ±(2360684627) çš„æ¶ˆæ¯: [CQ:at,qq=168034743] ç–¯ç‹‚ (621650945)
[38;5;8m2022-10-13 21:06:24[0m [D] [38;5;113;1mmessage[0m [Grievous lady] ðŸ±: @ ç–¯ç‹‚
[38;5;8m2022-10-13 21:06:29[0m [D] [38;5;32;1mgocqhttp[0m æ”¶åˆ°ç¾¤ Grievous lady(346576350) å†… ðŸ±(2360684627) çš„æ¶ˆæ¯: [CQ:at,qq=168034743] ç–¯ç‹‚æ˜ŸæœŸå›› (1376425111)
[38;5;8m2022-10-13 21:06:29[0m [D] [38;5;113;1mmessage[0m [Grievous lady] ðŸ±: @ ç–¯ç‹‚æ˜ŸæœŸå››
[38;5;8m2022-10-13 21:06:30[0m [D] [38;5;32;1mgocqhttp[0m å‘é€ç¾¤ Grievous lady(346576350) çš„æ¶ˆæ¯: [{"type":" ... (-865205964)
[38;5;8m2022-10-13 21:06:36[0m [D] [38;5;32;1mgocqhttp[0m æ”¶åˆ°ç¾¤ Grievous lady(346576350) å†… ðŸ±(2360684627) çš„æ¶ˆæ¯: [CQ:at,qq=168034743] ç–¯ç‹‚æ˜ŸæœŸå››çš„å”§å”§ (-1150733918)
[38;5;8m2022-10-13 21:06:36[0m [D] [38;5;113;1mmessage[0m [Grievous lady] ðŸ±: @ ç–¯ç‹‚æ˜ŸæœŸå››çš„å”§å”§
[38;5;8m2022-10-13 21:06:38[0m [D] [38;5;32;1mgocqhttp[0m æ”¶åˆ°ç¾¤ Grievous lady(346576350) å†… æˆæ­¥å”é¾™ä¸€(1533125728) çš„æ¶ˆæ¯: [CQ:reply,id=-1140525637][CQ:at,qq=2360684627] [CQ:at,qq=2360684627] ç¬‘æ­» (576741400)
[38;5;8m2022-10-13 21:06:38[0m [D] [38;5;113;1mmessage[0m [Grievous lady] æˆæ­¥å”é¾™ä¸€: @ @ ç¬‘æ­»
[38;5;8m2022-10-13 21:06:41[0m [D] [38;5;113;1mmessage[0m [Grievous lady] Resalia: æ˜¯ä¸æ˜¯è¦è®¾ç½®ä¸€ä¸ªå…³é”®è¯
[38;5;8m2022-10-13 21:06:41[0m [D] [38;5;32;1mgocqhttp[0m æ”¶åˆ°ç¾¤ Grievous lady(346576350) å†… çœŸçºªçœŸ(2419269719) çš„æ¶ˆæ¯: æ˜¯ä¸æ˜¯è¦è®¾ç½®ä¸€ä¸ªå…³é”®è¯ (1432834190)
[38;5;8m2022-10-13 21:06:46[0m [D] [38;5;32;1mgocqhttp[0m æ”¶åˆ°ç¾¤ Grievous lady(346576350) å†… ðŸ±(2360684627) çš„æ¶ˆæ¯: [CQ:reply,id=576741400][CQ:at,qq=1533125728] [CQ:at,qq=1533125728] ç¬‘æ­»å•¦ (-975680225)
[38;5;8m2022-10-13 21:06:46[0m [D] [38;5;113;1mmessage[0m [Grievous lady] ðŸ±: @ @ ç¬‘æ­»å•¦
[38;5;8m2022-10-13 21:06:50[0m [D] [38;5;32;1mgocqhttp[0m æ”¶åˆ°ç¾¤ Grievous lady(346576350) å†… ðŸ±(2360684627) çš„æ¶ˆæ¯: [CQ:reply,id=1432834190][CQ:at,qq=2419269719] [CQ:at,qq=2419269719] ä¹Ÿè®¸ (-1293976183)
[38;5;8m2022-10-13 21:06:50[0m [D] [38;5;113;1mmessage[0m [Grievous lady] ðŸ±: @ @ ä¹Ÿè®¸
[38;5;8m2022-10-13 21:06:57[0m [D] [38;5;32;1mgocqhttp[0m æ”¶åˆ°ç¾¤ Grievous lady(346576350) å†… çœŸçºªçœŸ(2419269719) çš„æ¶ˆæ¯: [CQ:at,qq=168034743] help (-770116500)
[38;5;8m2022-10-13 21:06:57[0m [D] [38;5;113;1mmessage[0m [Grievous lady] Resalia: @ help
[38;5;8m2022-10-13 21:06:58[0m [D] [38;5;32;1mgocqhttp[0m å‘é€ç¾¤ Grievous lady(346576350) çš„æ¶ˆæ¯: [{"type":" ... (-1524644614)
[38;5;8m2022-10-13 21:07:14[0m [D] [38;5;32;1mgocqhttp[0m æ”¶åˆ°ç¾¤ Grievous lady(346576350) å†… ðŸ±(2360684627) çš„æ¶ˆæ¯: [CQ:at,qq=168034743] timer (1008112960)
[38;5;8m2022-10-13 21:07:14[0m [D] [38;5;113;1mmessage[0m [Grievous lady] ðŸ±: @ timer
[38;5;8m2022-10-13 21:07:14[0m [D] [38;5;32;1mgocqhttp[0m å‘é€ç¾¤ Grievous lady(346576350) çš„æ¶ˆæ¯: [{"type":" ... (1259447766)
[38;5;8m2022-10-13 21:07:29[0m [D] [38;5;32;1mgocqhttp[0m æ”¶åˆ°ç¾¤ Grievous lady(346576350) å†… ðŸ±(2360684627) çš„æ¶ˆæ¯: [CQ:at,qq=168034743] bind (-713740171)
[38;5;8m2022-10-13 21:07:29[0m [D] [38;5;113;1mmessage[0m [Grievous lady] ðŸ±: @ bind
[38;5;8m2022-10-13 21:07:29[0m [D] [38;5;32;1mgocqhttp[0m å‘é€ç¾¤ Grievous lady(346576350) çš„æ¶ˆæ¯: [{"type":" ... (-1569586973)
[38;5;8m2022-10-13 21:07:53[0m [D] [38;5;32;1mgocqhttp[0m æ”¶åˆ°ç¾¤ Grievous lady(346576350) å†… çœŸçºªçœŸ(2419269719) çš„æ¶ˆæ¯: è¿™ä¸ªæˆ‘ä¸æ‡‚æœ‰å•¥ç”¨ (997937497)
[38;5;8m2022-10-13 21:07:53[0m [D] [38;5;113;1mmessage[0m [Grievous lady] Resalia: è¿™ä¸ªæˆ‘ä¸æ‡‚æœ‰å•¥ç”¨
[38;5;8m2022-10-13 21:07:59[0m [D] [38;5;32;1mgocqhttp[0m æ”¶åˆ°ç¾¤ Grievous lady(346576350) å†… ðŸ±(2360684627) çš„æ¶ˆæ¯: [CQ:at,qq=168034743] user.local (1283219919)
[38;5;8m2022-10-13 21:07:59[0m [D] [38;5;113;1mmessage[0m [Grievous lady] ðŸ±: @ user.local
[38;5;8m2022-10-13 21:07:59[0m [D] [38;5;32;1mgocqhttp[0m å‘é€ç¾¤ Grievous lady(346576350) çš„æ¶ˆæ¯: [{"type":" ... (-591168418)
[38;5;8m2022-10-13 21:07:59[0m [I] [38;5;78;1mapp[0m unload plugin [38;5;78mbind[0m
[38;5;8m2022-10-13 21:07:59[0m [W] [38;5;178;1mmarket[0m failed to parse [38;5;178mkoishi-plugin-talk[0m
[38;5;8m2022-10-13 21:08:02[0m [D] [38;5;32;1mgocqhttp[0m æ”¶åˆ°ç¾¤ Grievous lady(346576350) å†… ðŸ±(2360684627) çš„æ¶ˆæ¯: sorry (-1413198648)
[38;5;8m2022-10-13 21:08:02[0m [D] [38;5;113;1mmessage[0m [Grievous lady] ðŸ±: sorry
[38;5;8m2022-10-13 21:08:12[0m [D] [38;5;32;1mgocqhttp[0m æ”¶åˆ°ç¾¤ Grievous lady(346576350) å†… ðŸ±(2360684627) çš„æ¶ˆæ¯: [CQ:at,qq=168034743] user.locale (-113924177)
[38;5;8m2022-10-13 21:08:12[0m [D] [38;5;113;1mmessage[0m [Grievous lady] ðŸ±: @ user.locale
[38;5;8m2022-10-13 21:08:12[0m [D] [38;5;32;1mgocqhttp[0m å‘é€ç¾¤ Grievous lady(346576350) çš„æ¶ˆæ¯: [{"type":" ... (-1909287111)
[38;5;8m2022-10-13 21:08:23[0m [D] [38;5;32;1mgocqhttp[0m æ”¶åˆ°ç¾¤ Grievous lady(346576350) å†… çœŸçºªçœŸ(2419269719) çš„æ¶ˆæ¯: [CQ:image,file=a76cda722489e3c18a34e5aafa1facad.image,subType=1,url=https://gchat.qpic.cn/gchatpic_new/2419269719/2611576350-2165594236-A76CDA722489E3C18A34E5AAFA1FACAD/0?term=3] (389793411)
[38;5;8m2022-10-13 21:08:23[0m [D] [38;5;113;1mmessage[0m [Grievous lady] Resalia: [å›¾ç‰‡]
[38;5;8m2022-10-13 21:08:41[0m [D] [38;5;113;1mmessage[0m [Grievous lady] ðŸ±: å°„æˆ‘å˜´é‡Œ
[38;5;8m2022-10-13 21:08:41[0m [D] [38;5;32;1mgocqhttp[0m æ”¶åˆ°ç¾¤ Grievous lady(346576350) å†… ðŸ±(2360684627) çš„æ¶ˆæ¯: å°„æˆ‘å˜´é‡Œ (1614607893)
[38;5;8m2022-10-13 21:08:44[0m [D] [38;5;32;1mgocqhttp[0m ç¾¤ Grievous lady(346576350) å†… ðŸ±(2360684627) æ’¤å›žäº† ðŸ±(2360684627) çš„æ¶ˆæ¯: 1614607893.
[38;5;8m2022-10-13 21:08:46[0m [D] [38;5;32;1mgocqhttp[0m æ”¶åˆ°ç¾¤ Grievous lady(346576350) å†… ðŸ±(2360684627) çš„æ¶ˆæ¯: [CQ:image,file=8dda8b88349a9d8988127243aeaaace5.image,subType=1,url=https://gchat.qpic.cn/gchatpic_new/2360684627/2611576350-2980387714-8DDA8B88349A9D8988127243AEAAACE5/0?term=3] (-27761738)
[38;5;8m2022-10-13 21:08:46[0m [D] [38;5;113;1mmessage[0m [Grievous lady] ðŸ±: [å›¾ç‰‡]
[38;5;8m2022-10-13 21:09:08[0m [D] [38;5;32;1mgocqhttp[0m æ”¶åˆ°ç¾¤ Grievous lady(346576350) å†… ðŸ±(2360684627) çš„æ¶ˆæ¯: å¤§ä½¬çš„Botçš„Consoleå¯ä»¥é˜²æ’¤å›ž (-1990241504)
[38;5;8m2022-10-13 21:09:08[0m [D] [38;5;113;1mmessage[0m [Grievous lady] ðŸ±: å¤§ä½¬çš„Botçš„Consoleå¯ä»¥é˜²æ’¤å›ž
[38;5;8m2022-10-13 21:09:58[0m [D] [38;5;113;1mmessage[0m [Grievous lady] Resalia: æ˜¯çš„
[38;5;8m2022-10-13 21:09:58[0m [D] [38;5;32;1mgocqhttp[0m æ”¶åˆ°ç¾¤ Grievous lady(346576350) å†… çœŸçºªçœŸ(2419269719) çš„æ¶ˆæ¯: æ˜¯çš„ (274072218)
[38;5;8m2022-10-13 21:10:13[0m [D] [38;5;32;1mgocqhttp[0m æ”¶åˆ°ç¾¤ Grievous lady(346576350) å†… çœŸçºªçœŸ(2419269719) çš„æ¶ˆæ¯: ä½ ä»¬å‘äº†ä»€ä¹ˆæˆ‘éƒ½çŸ¥é“äº† (1733374476)
[38;5;8m2022-10-13 21:10:13[0m [D] [38;5;113;1mmessage[0m [Grievous lady] Resalia: ä½ ä»¬å‘äº†ä»€ä¹ˆæˆ‘éƒ½çŸ¥é“äº†
[38;5;8m2022-10-13 21:10:20[0m [D] [38;5;32;1mgocqhttp[0m æ”¶åˆ°ç¾¤ Grievous lady(346576350) å†… ðŸ±(2360684627) çš„æ¶ˆæ¯: æˆ‘ä¹‹å‰çš„Botä¹Ÿæ˜¯ (-135385187)
[38;5;8m2022-10-13 21:10:20[0m [D] [38;5;113;1mmessage[0m [Grievous lady] ðŸ±: æˆ‘ä¹‹å‰çš„Botä¹Ÿæ˜¯
[38;5;8m2022-10-13 21:10:43[0m [D] [38;5;113;1mmessage[0m [#] Bob: helpo
[38;5;8m2022-10-13 21:10:45[0m [D] [38;5;113;1mmessage[0m [#] Bob: help
[38;5;8m2022-10-13 21:13:10[0m [W] [38;5;178;1mmarket[0m warning package-lock.json found. Your project contains lock files generated by tools other than Yarn. It is advised not to mix package managers in order to avoid resolution inconsistencies caused by unsynchronized lock files. To clear this warning, remove package-lock.json.
[38;5;8m2022-10-13 21:13:10[0m [I] [38;5;178;1mmarket[0m [1/4] Resolving packages...
[38;5;8m2022-10-13 21:13:12[0m [I] [38;5;178;1mmarket[0m [2/4] Fetching packages...
[38;5;8m2022-10-13 21:13:13[0m [I] [38;5;178;1mmarket[0m [3/4] Linking dependencies...
[38;5;8m2022-10-13 21:13:13[0m [W] [38;5;178;1mmarket[0m warning "@koishijs/plugin-adapter-discord > @satorijs/adapter-discord@3.2.4" has unmet peer dependency "@satorijs/satori@^1.2.0".
[38;5;8m2022-10-13 21:13:13[0m [W] [38;5;178;1mmarket[0m warning "@koishijs/plugin-adapter-onebot > @satorijs/adapter-onebot@5.2.5" has unmet peer dependency "@satorijs/satori@^1.2.1".
[38;5;8m2022-10-13 21:13:13[0m [W] [38;5;178;1mmarket[0m warning "@koishijs/plugin-adapter-telegram > @satorijs/adapter-telegram@3.4.7" has unmet peer dependency "@satorijs/satori@^1.2.0".
[38;5;8m2022-10-13 21:13:13[0m [W] [38;5;178;1mmarket[0m warning "@koishijs/plugin-database-memory > @minatojs/driver-memory@1.2.0" has unmet peer dependency "@minatojs/core@^1.3.0".
[38;5;8m2022-10-13 21:13:14[0m [I] [38;5;178;1mmarket[0m [4/4] Building fresh packages...
[38;5;8m2022-10-13 21:13:14[0m [I] [38;5;178;1mmarket[0m success Saved lockfile.
[38;5;8m2022-10-13 21:13:20[0m [W] [38;5;178;1mmarket[0m failed to parse [38;5;178mkoishi-plugin-talk[0m
[38;5;8m2022-10-13 21:15:21[0m [I] [38;5;78;1mapp[0m apply plugin [38;5;78mgroup:basic[0m
[38;5;8m2022-10-13 21:15:21[0m [I] [38;5;78;1mapp[0m [38;5;15;1mKoishi/4.9.5[0m
[38;5;8m2022-10-13 21:15:21[0m [I] [38;5;78;1mapp[0m apply plugin [38;5;78mgroup:entry[0m
[38;5;8m2022-10-13 21:15:21[0m [I] [38;5;78;1mapp[0m apply plugin [38;5;78mhelp[0m
[38;5;8m2022-10-13 21:15:21[0m [I] [38;5;78;1mapp[0m apply plugin [38;5;78mrate-limit[0m
[38;5;8m2022-10-13 21:15:21[0m [I] [38;5;78;1mapp[0m apply plugin [38;5;78mlocales[0m
[38;5;8m2022-10-13 21:15:21[0m [I] [38;5;78;1mapp[0m apply plugin [38;5;78msuggest[0m
[38;5;8m2022-10-13 21:15:21[0m [I] [38;5;78;1mapp[0m apply plugin [38;5;78mcommands[0m
[38;5;8m2022-10-13 21:15:22[0m [I] [38;5;78;1mapp[0m apply plugin [38;5;78madmin[0m
[38;5;8m2022-10-13 21:15:22[0m [I] [38;5;78;1mapp[0m apply plugin [38;5;78mgroup:console[0m
[38;5;8m2022-10-13 21:15:22[0m [I] [38;5;78;1mapp[0m apply plugin [38;5;78mdataview[0m
[38;5;8m2022-10-13 21:15:22[0m [I] [38;5;78;1mapp[0m apply plugin [38;5;78mconsole[0m
[38;5;8m2022-10-13 21:15:22[0m [I] [38;5;78;1mapp[0m apply plugin [38;5;78mlogger[0m
[38;5;8m2022-10-13 21:15:22[0m [I] [38;5;78;1mapp[0m apply plugin [38;5;78minsight[0m
[38;5;8m2022-10-13 21:15:22[0m [I] [38;5;78;1mapp[0m apply plugin [38;5;78mmarket[0m
[38;5;8m2022-10-13 21:15:22[0m [I] [38;5;78;1mapp[0m apply plugin [38;5;78mgroup:adapter[0m
[38;5;8m2022-10-13 21:15:22[0m [I] [38;5;78;1mapp[0m apply plugin [38;5;78msandbox[0m
[38;5;8m2022-10-13 21:15:22[0m [I] [38;5;78;1mapp[0m apply plugin [38;5;78mstatus[0m
[38;5;8m2022-10-13 21:15:22[0m [I] [38;5;78;1mapp[0m apply plugin [38;5;78mgocqhttp[0m
[38;5;8m2022-10-13 21:15:22[0m [I] [38;5;78;1mapp[0m apply plugin [38;5;78madapter-onebot[0m
[38;5;8m2022-10-13 21:15:22[0m [I] [38;5;78;1mapp[0m apply plugin [38;5;78mecho:nff1hr[0m
[38;5;8m2022-10-13 21:15:22[0m [I] [38;5;78;1mapp[0m apply plugin [38;5;78mdatabase-memory:80mygt[0m
[38;5;8m2022-10-13 21:15:22[0m [I] [38;5;78;1mapp[0m apply plugin [38;5;78mchat:gp36ur[0m
[38;5;8m2022-10-13 21:15:22[0m [I] [38;5;78;1mapp[0m server listening at [38;5;78mhttp://localhost:5140[0m
[38;5;8m2022-10-13 21:15:22[0m [I] [38;5;78;1mapp[0m apply plugin [38;5;78mcrazy-thursday:xgor0j[0m
[38;5;8m2022-10-13 21:15:22[0m [W] [38;5;178;1mmarket[0m failed to parse [38;5;178mkoishi-plugin-talk[0m
[38;5;8m2022-10-13 21:15:22[0m [D] [38;5;32;1mgocqhttp[0m å½“å‰ç‰ˆæœ¬:v1.0.0-rc3 
[38;5;8m2022-10-13 21:15:22[0m [D] [38;5;32;1mgocqhttp[0m ä½¿ç”¨åè®®: iPad
[38;5;8m2022-10-13 21:15:22[0m [D] [38;5;32;1mgocqhttp[0m å°†ä½¿ç”¨ device.json å†…çš„è®¾å¤‡ä¿¡æ¯è¿è¡ŒBot. 
[38;5;8m2022-10-13 21:15:22[0m [D] [38;5;32;1mgocqhttp[0m å¼€å§‹å°è¯•ç™»å½•å¹¶åŒæ­¥æ¶ˆæ¯... 
[38;5;8m2022-10-13 21:15:23[0m [D] [38;5;32;1mgocqhttp[0m Protocol -> connect to server: 157.148.42.237:8080
[38;5;8m2022-10-13 21:15:23[0m [W] [38;5;32;1mgocqhttp[0m Protocol -> device lock is disable. http api may fail.
[38;5;8m2022-10-13 21:15:26[0m [D] [38;5;32;1mgocqhttp[0m ç™»å½•æˆåŠŸ æ¬¢è¿Žä½¿ç”¨: Aya 
[38;5;8m2022-10-13 21:15:26[0m [D] [38;5;32;1mgocqhttp[0m å¼€å§‹åŠ è½½å¥½å‹åˆ—è¡¨...
[38;5;8m2022-10-13 21:15:26[0m [D] [38;5;32;1mgocqhttp[0m å…±åŠ è½½ 3 ä¸ªå¥½å‹. 
[38;5;8m2022-10-13 21:15:26[0m [D] [38;5;32;1mgocqhttp[0m å¼€å§‹åŠ è½½ç¾¤åˆ—è¡¨...
[38;5;8m2022-10-13 21:15:26[0m [D] [38;5;32;1mgocqhttp[0m å…±åŠ è½½ 2 ä¸ªç¾¤.
[38;5;8m2022-10-13 21:15:26[0m [D] [38;5;32;1mgocqhttp[0m èµ„æºåˆå§‹åŒ–å®Œæˆ, å¼€å§‹å¤„ç†ä¿¡æ¯. 
[38;5;8m2022-10-13 21:15:26[0m [D] [38;5;32;1mgocqhttp[0m ã‚¢ãƒˆãƒªã¯ã€é«˜æ€§èƒ½ã§ã™ã‹ã‚‰!
[38;5;8m2022-10-13 21:15:26[0m [D] [38;5;32;1mgocqhttp[0m æ­£åœ¨æ£€æŸ¥æ›´æ–°. 
[38;5;8m2022-10-13 21:15:26[0m [D] [38;5;32;1mgocqhttp[0m CQ WebSocket æœåŠ¡å™¨å·²å¯åŠ¨: [::]:6700
[38;5;8m2022-10-13 21:15:26[0m [I] [38;5;214;1madapter[0m connect to server: [38;5;214mws://127.0.0.1:6700[0m
[38;5;8m2022-10-13 21:15:26[0m [D] [38;5;32;1mgocqhttp[0m æŽ¥å— WebSocket è¿žæŽ¥: 127.0.0.1:56075 (/)
[38;5;8m2022-10-13 21:15:26[0m [D] [38;5;32;1mgocqhttp[0m æ”¶åˆ°æœåŠ¡å™¨åœ°å€æ›´æ–°é€šçŸ¥, å°†åœ¨ä¸‹ä¸€æ¬¡é‡è¿žæ—¶åº”ç”¨.
[38;5;8m2022-10-13 21:15:27[0m [D] [38;5;32;1mgocqhttp[0m æ£€æŸ¥æ›´æ–°å®Œæˆ. å½“å‰å·²è¿è¡Œæœ€æ–°ç‰ˆæœ¬. 
[38;5;8m2022-10-13 21:15:27[0m [D] [38;5;32;1mgocqhttp[0m å¼€å§‹è¯Šæ–­ç½‘ç»œæƒ…å†µ
[38;5;8m2022-10-13 21:15:33[0m [D] [38;5;32;1mgocqhttp[0m ç½‘ç»œè¯Šæ–­å®Œæˆ. æœªå‘çŽ°é—®é¢˜
[38;5;8m2022-10-13 21:15:36[0m [I] [38;5;78;1mapp[0m apply plugin [38;5;78mpuppeteer:lbovyg[0m
[38;5;8m2022-10-13 21:15:36[0m [W] [38;5;178;1mmarket[0m failed to parse [38;5;178mkoishi-plugin-talk[0m
[38;5;8m2022-10-13 21:15:43[0m [I] [38;5;78;1mapp[0m apply plugin [38;5;78mchess:8hvedd[0m
[38;5;8m2022-10-13 21:15:43[0m [W] [38;5;178;1mmarket[0m failed to parse [38;5;178mkoishi-plugin-talk[0m
[38;5;8m2022-10-13 21:15:48[0m [D] [38;5;32;1mgocqhttp[0m æ”¶åˆ°ç¾¤ Grievous lady(346576350) å†… çœŸçºªçœŸ(2419269719) çš„æ¶ˆæ¯: [CQ:at,qq=168034743] help (-2132205813)
[38;5;8m2022-10-13 21:15:49[0m [D] [38;5;113;1mmessage[0m [Grievous lady] Resalia: @ help
[38;5;8m2022-10-13 21:15:49[0m [D] [38;5;32;1mgocqhttp[0m å‘é€ç¾¤ Grievous lady(346576350) çš„æ¶ˆæ¯: [{"type":" ... (-533817618)
[38;5;8m2022-10-13 21:15:56[0m [D] [38;5;113;1mmessage[0m [Grievous lady] Resalia: @ chess
[38;5;8m2022-10-13 21:15:56[0m [D] [38;5;32;1mgocqhttp[0m æ”¶åˆ°ç¾¤ Grievous lady(346576350) å†… çœŸçºªçœŸ(2419269719) çš„æ¶ˆæ¯: [CQ:at,qq=168034743] chess (-1758878088)
[38;5;8m2022-10-13 21:15:57[0m [D] [38;5;32;1mgocqhttp[0m å‘é€ç¾¤ Grievous lady(346576350) çš„æ¶ˆæ¯: [{"type":" ... (237041602)
[38;5;8m2022-10-13 21:16:09[0m [D] [38;5;113;1mmessage[0m [Grievous lady] Resalia: how to use
[38;5;8m2022-10-13 21:16:09[0m [D] [38;5;32;1mgocqhttp[0m æ”¶åˆ°ç¾¤ Grievous lady(346576350) å†… çœŸçºªçœŸ(2419269719) çš„æ¶ˆæ¯: how to use (2032650068)
[38;5;8m2022-10-13 21:16:33[0m [D] [38;5;32;1mgocqhttp[0m æ”¶åˆ°ç¾¤ Grievous lady(346576350) å†… çœŸçºªçœŸ(2419269719) çš„æ¶ˆæ¯: [CQ:at,qq=168034743] chess -h (-415018249)
[38;5;8m2022-10-13 21:16:33[0m [D] [38;5;113;1mmessage[0m [Grievous lady] Resalia: @ chess -h
[38;5;8m2022-10-13 21:16:33[0m [D] [38;5;32;1mgocqhttp[0m å‘é€ç¾¤ Grievous lady(346576350) çš„æ¶ˆæ¯: [{"type":" ... (-1874566559)
[38;5;8m2022-10-13 21:17:07[0m [D] [38;5;32;1mgocqhttp[0m æ”¶åˆ°ç¾¤ Grievous lady(346576350) å†… çœŸçºªçœŸ(2419269719) çš„æ¶ˆæ¯: @Aya chess äº”å­æ£‹ (156054491)
[38;5;8m2022-10-13 21:17:07[0m [D] [38;5;113;1mmessage[0m [Grievous lady] Resalia: @Aya chess äº”å­æ£‹
[38;5;8m2022-10-13 21:17:23[0m [D] [38;5;32;1mgocqhttp[0m æ”¶åˆ°ç¾¤ Grievous lady(346576350) å†… çœŸçºªçœŸ(2419269719) çš„æ¶ˆæ¯: å¥½ä¼¼ (2118779725)
[38;5;8m2022-10-13 21:17:23[0m [D] [38;5;113;1mmessage[0m [Grievous lady] Resalia: å¥½ä¼¼
[38;5;8m2022-10-13 21:18:05[0m [D] [38;5;32;1mgocqhttp[0m æ”¶åˆ°ç¾¤ Grievous lady(346576350) å†… ðŸ±(2360684627) çš„æ¶ˆæ¯: [CQ:at,qq=168034743] chess å›´æ£‹ (-285925668)
[38;5;8m2022-10-13 21:18:05[0m [D] [38;5;113;1mmessage[0m [Grievous lady] ðŸ±: @ chess å›´æ£‹
[38;5;8m2022-10-13 21:18:05[0m [D] [38;5;32;1mgocqhttp[0m å‘é€ç¾¤ Grievous lady(346576350) çš„æ¶ˆæ¯: [{"type":" ... (-1712181686)
[38;5;8m2022-10-13 21:18:15[0m [D] [38;5;32;1mgocqhttp[0m æ”¶åˆ°ç¾¤ Grievous lady(346576350) å†… çœŸçºªçœŸ(2419269719) çš„æ¶ˆæ¯: ä¸‹æ£‹ (1740016161)
[38;5;8m2022-10-13 21:18:15[0m [D] [38;5;113;1mmessage[0m [Grievous lady] Resalia: ä¸‹æ£‹
[38;5;8m2022-10-13 21:18:17[0m [D] [38;5;32;1mgocqhttp[0m æ”¶åˆ°ç¾¤ Grievous lady(346576350) å†… ðŸ±(2360684627) çš„æ¶ˆæ¯: [CQ:at,qq=168034743] chess å›´æ£‹ ä¸‹èµ· (280083127)
[38;5;8m2022-10-13 21:18:17[0m [D] [38;5;113;1mmessage[0m [Grievous lady] ðŸ±: @ chess å›´æ£‹ ä¸‹èµ·
[38;5;8m2022-10-13 21:18:17[0m [D] [38;5;32;1mgocqhttp[0m å‘é€ç¾¤ Grievous lady(346576350) çš„æ¶ˆæ¯: [{"type":" ... (-1984369907)
[38;5;8m2022-10-13 21:18:24[0m [D] [38;5;32;1mgocqhttp[0m æ”¶åˆ°ç¾¤ Grievous lady(346576350) å†… ðŸ±(2360684627) çš„æ¶ˆæ¯: [CQ:at,qq=168034743] chess å›´æ£‹ ä¸‹æ£‹ (-20980837)
[38;5;8m2022-10-13 21:18:24[0m [D] [38;5;113;1mmessage[0m [Grievous lady] ðŸ±: @ chess å›´æ£‹ ä¸‹æ£‹
[38;5;8m2022-10-13 21:18:24[0m [D] [38;5;32;1mgocqhttp[0m æ”¶åˆ°ç¾¤ Grievous lady(346576350) å†… çœŸçºªçœŸ(2419269719) çš„æ¶ˆæ¯: [CQ:at,qq=168034743] ä¸‹æ£‹ (400326318) 
[38;5;8m2022-10-13 21:18:24[0m [D] [38;5;32;1mgocqhttp[0m å‘é€ç¾¤ Grievous lady(346576350) çš„æ¶ˆæ¯: [{"type":" ... (1624985144)
[38;5;8m2022-10-13 21:18:24[0m [D] [38;5;113;1mmessage[0m [Grievous lady] Resalia: @ ä¸‹æ£‹
[38;5;8m2022-10-13 21:18:29[0m [D] [38;5;32;1mgocqhttp[0m æ”¶åˆ°ç¾¤ Grievous lady(346576350) å†… ðŸ±(2360684627) çš„æ¶ˆæ¯: å¥½ä¼¼ (-1898631404)
[38;5;8m2022-10-13 21:18:29[0m [D] [38;5;113;1mmessage[0m [Grievous lady] ðŸ±: å¥½ä¼¼
[38;5;8m2022-10-13 21:18:36[0m [D] [38;5;32;1mgocqhttp[0m æ”¶åˆ°ç¾¤ Grievous lady(346576350) å†… çœŸçºªçœŸ(2419269719) çš„æ¶ˆæ¯: [CQ:at,qq=168034743] chess ä¸‹æ£‹ (-103669886)
[38;5;8m2022-10-13 21:18:36[0m [D] [38;5;113;1mmessage[0m [Grievous lady] Resalia: @ chess ä¸‹æ£‹
[38;5;8m2022-10-13 21:18:37[0m [D] [38;5;32;1mgocqhttp[0m å‘é€ç¾¤ Grievous lady(346576350) çš„æ¶ˆæ¯: [{"type":" ... (1768751635)
[38;5;8m2022-10-13 21:18:44[0m [D] [38;5;32;1mgocqhttp[0m æ”¶åˆ°ç¾¤ Grievous lady(346576350) å†… çœŸçºªçœŸ(2419269719) çš„æ¶ˆæ¯: nb (510276229)
[38;5;8m2022-10-13 21:18:44[0m [D] [38;5;113;1mmessage[0m [Grievous lady] Resalia: nb
[38;5;8m2022-10-13 21:18:56[0m [I] [38;5;78;1mapp[0m unload plugin [38;5;78mlocales[0m
[38;5;8m2022-10-13 21:18:56[0m [W] [38;5;178;1mmarket[0m failed to parse [38;5;178mkoishi-plugin-talk[0m
[38;5;8m2022-10-13 21:19:03[0m [D] [38;5;113;1mmessage[0m [Grievous lady] Resalia: @ help
[38;5;8m2022-10-13 21:19:03[0m [D] [38;5;32;1mgocqhttp[0m æ”¶åˆ°ç¾¤ Grievous lady(346576350) å†… çœŸçºªçœŸ(2419269719) çš„æ¶ˆæ¯: [CQ:at,qq=168034743] help (2125314912)
[38;5;8m2022-10-13 21:19:03[0m [D] [38;5;32;1mgocqhttp[0m å‘é€ç¾¤ Grievous lady(346576350) çš„æ¶ˆæ¯: [{"type":" ... (162171894)
[38;5;8m2022-10-13 21:19:14[0m [D] [38;5;32;1mgocqhttp[0m æ”¶åˆ°ç¾¤ Grievous lady(346576350) å†… æˆæ­¥å”é¾™ä¸€(1533125728) çš„æ¶ˆæ¯: [CQ:reply,id=-1898631404][CQ:at,qq=2360684627] [CQ:at,qq=2360684627] å¼€é¦™æ§Ÿå–½ï¼ (-1868309940)
[38;5;8m2022-10-13 21:19:14[0m [D] [38;5;113;1mmessage[0m [Grievous lady] æˆæ­¥å”é¾™ä¸€: @ @ å¼€é¦™æ§Ÿå–½ï¼
[38;5;8m2022-10-13 21:20:55[0m [D] [38;5;32;1mgocqhttp[0m æ”¶åˆ°ç¾¤ Grievous lady(346576350) å†… ðŸ±(2360684627) çš„æ¶ˆæ¯: [CQ:reply,id=-1868309940][CQ:at,qq=1533125728] [CQ:at,qq=1533125728] å¼€é¦™æ§Ÿå’¯ (-408622374)
[38;5;8m2022-10-13 21:20:55[0m [D] [38;5;113;1mmessage[0m [Grievous lady] ðŸ±: @ @ å¼€é¦™æ§Ÿå’¯
[38;5;8m2022-10-13 21:21:57[0m [W] [38;5;178;1mmarket[0m warning package-lock.json found. Your project contains lock files generated by tools other than Yarn. It is advised not to mix package managers in order to avoid resolution inconsistencies caused by unsynchronized lock files. To clear this warning, remove package-lock.json.
[38;5;8m2022-10-13 21:21:57[0m [I] [38;5;178;1mmarket[0m [1/4] Resolving packages...
[38;5;8m2022-10-13 21:21:58[0m [I] [38;5;178;1mmarket[0m [2/4] Fetching packages...
[38;5;8m2022-10-13 21:21:59[0m [I] [38;5;178;1mmarket[0m [3/4] Linking dependencies...
[38;5;8m2022-10-13 21:21:59[0m [W] [38;5;178;1mmarket[0m warning "@koishijs/plugin-adapter-discord > @satorijs/adapter-discord@3.2.4" has unmet peer dependency "@satorijs/satori@^1.2.0".
[38;5;8m2022-10-13 21:21:59[0m [W] [38;5;178;1mmarket[0m warning "@koishijs/plugin-adapter-onebot > @satorijs/adapter-onebot@5.2.5" has unmet peer dependency "@satorijs/satori@^1.2.1".
[38;5;8m2022-10-13 21:21:59[0m [W] [38;5;178;1mmarket[0m warning "@koishijs/plugin-adapter-telegram > @satorijs/adapter-telegram@3.4.7" has unmet peer dependency "@satorijs/satori@^1.2.0".
[38;5;8m2022-10-13 21:21:59[0m [W] [38;5;178;1mmarket[0m warning "@koishijs/plugin-database-memory > @minatojs/driver-memory@1.2.0" has unmet peer dependency "@minatojs/core@^1.3.0".
[38;5;8m2022-10-13 21:22:01[0m [I] [38;5;178;1mmarket[0m [4/4] Building fresh packages...
[38;5;8m2022-10-13 21:22:01[0m [I] [38;5;178;1mmarket[0m success Saved lockfile.
[38;5;8m2022-10-13 21:22:09[0m [W] [38;5;178;1mmarket[0m failed to parse [38;5;178mkoishi-plugin-talk[0m
[38;5;8m2022-10-13 21:22:15[0m [I] [38;5;78;1mapp[0m apply plugin [38;5;78mrespondent:77y3i7[0m
[38;5;8m2022-10-13 21:22:15[0m [W] [38;5;178;1mmarket[0m failed to parse [38;5;178mkoishi-plugin-talk[0m
[38;5;8m2022-10-13 21:25:11[0m [D] [38;5;32;1mgocqhttp[0m æ”¶åˆ°å¥½å‹ Resalia(2419269719) çš„æ¶ˆæ¯: awsl (-1685423662)
[38;5;8m2022-10-13 21:25:11[0m [D] [38;5;113;1mmessage[0m [ç§èŠ] Resalia: awsl
[38;5;8m2022-10-13 21:29:23[0m [D] [38;5;32;1mgocqhttp[0m æ”¶åˆ°å¥½å‹ Resalia(2419269719) çš„æ¶ˆæ¯: awsl (42149992)
[38;5;8m2022-10-13 21:29:23[0m [D] [38;5;113;1mmessage[0m [ç§èŠ] Resalia: awsl
[38;5;8m2022-10-13 21:29:32[0m [D] [38;5;32;1mgocqhttp[0m æ”¶åˆ°å¥½å‹ Resalia(2419269719) çš„æ¶ˆæ¯: thursday (1971591422)
[38;5;8m2022-10-13 21:29:32[0m [D] [38;5;113;1mmessage[0m [ç§èŠ] Resalia: thursday
[38;5;8m2022-10-13 21:29:32[0m [D] [38;5;32;1mgocqhttp[0m å‘é€å¥½å‹ 2419269719(2419269719)  çš„æ¶ˆæ¯: [{"type":" ... (-1513784417)
[38;5;8m2022-10-13 21:40:59[0m [D] [38;5;32;1mgocqhttp[0m æ”¶åˆ°å¥½å‹ Resalia(2419269719) çš„æ¶ˆæ¯: ç–¯ç‹‚æ˜ŸæœŸå›› (-337605283)
[38;5;8m2022-10-13 21:40:59[0m [D] [38;5;113;1mmessage[0m [ç§èŠ] Resalia: ç–¯ç‹‚æ˜ŸæœŸå››
[38;5;8m2022-10-13 21:40:59[0m [D] [38;5;32;1mgocqhttp[0m å‘é€å¥½å‹ 2419269719(2419269719)  çš„æ¶ˆæ¯: [{"type":" ... (-759018743)
[38;5;8m2022-10-13 21:41:08[0m [D] [38;5;32;1mgocqhttp[0m æ”¶åˆ°å¥½å‹ Resalia(2419269719) çš„æ¶ˆæ¯: awsl (-1662534197)
[38;5;8m2022-10-13 21:41:08[0m [D] [38;5;113;1mmessage[0m [ç§èŠ] Resalia: awsl
[38;5;8m2022-10-13 21:43:17[0m [D] [38;5;32;1mgocqhttp[0m æ”¶åˆ°å¥½å‹ Resalia(2419269719) çš„æ¶ˆæ¯: awsl (99544177)
[38;5;8m2022-10-13 21:43:17[0m [D] [38;5;113;1mmessage[0m [ç§èŠ] Resalia: awsl
[38;5;8m2022-10-13 21:49:46[0m [D] [38;5;113;1mmessage[0m [ç§èŠ] Bob: echo 1
[38;5;8m2022-10-13 21:49:53[0m [D] [38;5;32;1mgocqhttp[0m æ”¶åˆ°å¥½å‹ Resalia(2419269719) çš„æ¶ˆæ¯: echo 1 (1927929063)
[38;5;8m2022-10-13 21:49:53[0m [D] [38;5;113;1mmessage[0m [ç§èŠ] Resalia: echo 1
[38;5;8m2022-10-13 21:49:53[0m [D] [38;5;32;1mgocqhttp[0m å‘é€å¥½å‹ 2419269719(2419269719)  çš„æ¶ˆæ¯: [{"type":" ... (1286004394)
[38;5;8m2022-10-13 21:51:26[0m [D] [38;5;32;1mgocqhttp[0m æ”¶åˆ°å¥½å‹ Resalia(2419269719) çš„æ¶ˆæ¯: help (-497630858)
[38;5;8m2022-10-13 21:51:26[0m [D] [38;5;113;1mmessage[0m [ç§èŠ] Resalia: help
[38;5;8m2022-10-13 21:51:26[0m [D] [38;5;32;1mgocqhttp[0m å‘é€å¥½å‹ 2419269719(2419269719)  çš„æ¶ˆæ¯: [{"type":" ... (1000468028)
[38;5;8m2022-10-13 21:51:44[0m [D] [38;5;32;1mgocqhttp[0m æ”¶åˆ°å¥½å‹ Resalia(2419269719) çš„æ¶ˆæ¯: KFC (-1789791776)
[38;5;8m2022-10-13 21:51:44[0m [D] [38;5;113;1mmessage[0m [ç§èŠ] Resalia: KFC
[38;5;8m2022-10-13 21:52:02[0m [D] [38;5;32;1mgocqhttp[0m æ”¶åˆ°å¥½å‹ Resalia(2419269719) çš„æ¶ˆæ¯: ç–¯ç‹‚æ˜ŸæœŸå›› (-174688251)
[38;5;8m2022-10-13 21:52:02[0m [D] [38;5;113;1mmessage[0m [ç§èŠ] Resalia: ç–¯ç‹‚æ˜ŸæœŸå››
[38;5;8m2022-10-13 21:52:02[0m [D] [38;5;32;1mgocqhttp[0m å‘é€å¥½å‹ 2419269719(2419269719)  çš„æ¶ˆæ¯: [{"type":" ... (-1565999226)
[38;5;8m2022-10-13 21:52:08[0m [D] [38;5;32;1mgocqhttp[0m æ”¶åˆ°å¥½å‹ Resalia(2419269719) çš„æ¶ˆæ¯: ç–¯ç‹‚æ˜ŸæœŸå›› (-2104407917)
[38;5;8m2022-10-13 21:52:08[0m [D] [38;5;113;1mmessage[0m [ç§èŠ] Resalia: ç–¯ç‹‚æ˜ŸæœŸå››
[38;5;8m2022-10-13 21:52:08[0m [D] [38;5;32;1mgocqhttp[0m å‘é€å¥½å‹ 2419269719(2419269719)  çš„æ¶ˆæ¯: [{"type":" ... (-709914864)
[38;5;8m2022-10-13 21:52:09[0m [D] [38;5;32;1mgocqhttp[0m æ”¶åˆ°å¥½å‹ Resalia(2419269719) çš„æ¶ˆæ¯: ç–¯ç‹‚æ˜ŸæœŸå›› (462952745)
[38;5;8m2022-10-13 21:52:09[0m [D] [38;5;113;1mmessage[0m [ç§èŠ] Resalia: ç–¯ç‹‚æ˜ŸæœŸå››
[38;5;8m2022-10-13 21:52:09[0m [D] [38;5;32;1mgocqhttp[0m å‘é€å¥½å‹ 2419269719(2419269719)  çš„æ¶ˆæ¯: [{"type":" ... (1158713985)
[38;5;8m2022-10-13 21:52:10[0m [D] [38;5;32;1mgocqhttp[0m æ”¶åˆ°å¥½å‹ Resalia(2419269719) çš„æ¶ˆæ¯: ç–¯ç‹‚æ˜ŸæœŸå›› (1822370239)
[38;5;8m2022-10-13 21:52:10[0m [D] [38;5;113;1mmessage[0m [ç§èŠ] Resalia: ç–¯ç‹‚æ˜ŸæœŸå››
[38;5;8m2022-10-13 21:52:10[0m [D] [38;5;32;1mgocqhttp[0m å‘é€å¥½å‹ 2419269719(2419269719)  çš„æ¶ˆæ¯: [{"type":" ... (840409623)
[38;5;8m2022-10-13 21:52:11[0m [D] [38;5;32;1mgocqhttp[0m æ”¶åˆ°å¥½å‹ Resalia(2419269719) çš„æ¶ˆæ¯: ç–¯ç‹‚æ˜ŸæœŸå›› (-218383332)
[38;5;8m2022-10-13 21:52:11[0m [D] [38;5;113;1mmessage[0m [ç§èŠ] Resalia: ç–¯ç‹‚æ˜ŸæœŸå››
[38;5;8m2022-10-13 21:52:11[0m [D] [38;5;32;1mgocqhttp[0m å‘é€å¥½å‹ 2419269719(2419269719)  çš„æ¶ˆæ¯: [{"type":" ... (1625704816)
[38;5;8m2022-10-13 21:52:13[0m [D] [38;5;32;1mgocqhttp[0m æ”¶åˆ°å¥½å‹ Resalia(2419269719) çš„æ¶ˆæ¯: ç–¯ç‹‚æ˜ŸæœŸå›› (-2047046518)
[38;5;8m2022-10-13 21:52:13[0m [D] [38;5;113;1mmessage[0m [ç§èŠ] Resalia: ç–¯ç‹‚æ˜ŸæœŸå››
[38;5;8m2022-10-13 21:52:13[0m [D] [38;5;32;1mgocqhttp[0m å‘é€å¥½å‹ 2419269719(2419269719)  çš„æ¶ˆæ¯: [{"type":" ... (400652774)
[38;5;8m2022-10-13 21:54:38[0m [D] [38;5;32;1mgocqhttp[0m æ”¶åˆ°å¥½å‹ Resalia(2419269719) çš„æ¶ˆæ¯: help (485874992)
[38;5;8m2022-10-13 21:54:38[0m [D] [38;5;113;1mmessage[0m [ç§èŠ] Resalia: help
[38;5;8m2022-10-13 21:54:38[0m [D] [38;5;32;1mgocqhttp[0m å‘é€å¥½å‹ 2419269719(2419269719)  çš„æ¶ˆæ¯: [{"type":" ... (-1897387940)
[38;5;8m2022-10-13 21:54:50[0m [D] [38;5;32;1mgocqhttp[0m æ”¶åˆ°å¥½å‹ Resalia(2419269719) çš„æ¶ˆæ¯: å¸®åŠ© æŒ‡ä»¤å (1811082662)
[38;5;8m2022-10-13 21:54:50[0m [D] [38;5;113;1mmessage[0m [ç§èŠ] Resalia: å¸®åŠ© æŒ‡ä»¤å
[38;5;8m2022-10-13 21:54:50[0m [D] [38;5;32;1mgocqhttp[0m å‘é€å¥½å‹ 2419269719(2419269719)  çš„æ¶ˆæ¯: [{"type":" ... (-101771062)
