[38;5;8m2022-10-14 14:10:48[0m [I] [38;5;78;1mapp[0m [38;5;15;1mKoishi/4.9.5[0m
[38;5;8m2022-10-14 14:10:48[0m [I] [38;5;78;1mapp[0m apply plugin [38;5;78mhelp[0m
[38;5;8m2022-10-14 14:10:48[0m [I] [38;5;78;1mapp[0m apply plugin [38;5;78mgroup:entry[0m
[38;5;8m2022-10-14 14:10:48[0m [I] [38;5;78;1mapp[0m apply plugin [38;5;78mgroup:basic[0m
[38;5;8m2022-10-14 14:10:48[0m [I] [38;5;78;1mapp[0m apply plugin [38;5;78mrate-limit[0m
[38;5;8m2022-10-14 14:10:48[0m [I] [38;5;78;1mapp[0m apply plugin [38;5;78msuggest[0m
[38;5;8m2022-10-14 14:10:48[0m [I] [38;5;78;1mapp[0m apply plugin [38;5;78mcommands[0m
[38;5;8m2022-10-14 14:10:48[0m [I] [38;5;78;1mapp[0m apply plugin [38;5;78madmin[0m
[38;5;8m2022-10-14 14:10:48[0m [I] [38;5;78;1mapp[0m apply plugin [38;5;78mconsole[0m
[38;5;8m2022-10-14 14:10:48[0m [I] [38;5;78;1mapp[0m apply plugin [38;5;78mdataview[0m
[38;5;8m2022-10-14 14:10:48[0m [I] [38;5;78;1mapp[0m apply plugin [38;5;78mgroup:console[0m
[38;5;8m2022-10-14 14:10:48[0m [I] [38;5;78;1mapp[0m apply plugin [38;5;78mlogger[0m
[38;5;8m2022-10-14 14:10:48[0m [I] [38;5;78;1mapp[0m apply plugin [38;5;78minsight[0m
[38;5;8m2022-10-14 14:10:48[0m [I] [38;5;78;1mapp[0m apply plugin [38;5;78mstatus[0m
[38;5;8m2022-10-14 14:10:48[0m [I] [38;5;78;1mapp[0m apply plugin [38;5;78msandbox[0m
[38;5;8m2022-10-14 14:10:48[0m [I] [38;5;78;1mapp[0m apply plugin [38;5;78mmarket[0m
[38;5;8m2022-10-14 14:10:48[0m [I] [38;5;78;1mapp[0m apply plugin [38;5;78madapter-onebot[0m
[38;5;8m2022-10-14 14:10:48[0m [I] [38;5;78;1mapp[0m apply plugin [38;5;78mgroup:adapter[0m
[38;5;8m2022-10-14 14:10:48[0m [I] [38;5;78;1mapp[0m apply plugin [38;5;78mgocqhttp[0m
[38;5;8m2022-10-14 14:10:48[0m [I] [38;5;78;1mapp[0m apply plugin [38;5;78mecho:nff1hr[0m
[38;5;8m2022-10-14 14:10:48[0m [I] [38;5;78;1mapp[0m apply plugin [38;5;78mdatabase-memory:80mygt[0m
[38;5;8m2022-10-14 14:10:48[0m [I] [38;5;78;1mapp[0m apply plugin [38;5;78mcrazy-thursday:xgor0j[0m
[38;5;8m2022-10-14 14:10:48[0m [I] [38;5;78;1mapp[0m apply plugin [38;5;78mchat:gp36ur[0m
[38;5;8m2022-10-14 14:10:48[0m [I] [38;5;78;1mapp[0m apply plugin [38;5;78mchess:8hvedd[0m
[38;5;8m2022-10-14 14:10:48[0m [I] [38;5;78;1mapp[0m apply plugin [38;5;78mpuppeteer:lbovyg[0m
[38;5;8m2022-10-14 14:10:48[0m [I] [38;5;78;1mapp[0m server listening at [38;5;78mhttp://localhost:5140[0m
[38;5;8m2022-10-14 14:10:48[0m [I] [38;5;78;1mapp[0m apply plugin [38;5;78mrespondent[0m
[38;5;8m2022-10-14 14:10:48[0m [W] [38;5;178;1mmarket[0m failed to parse [38;5;178mkoishi-plugin-talk[0m
[38;5;8m2022-10-14 14:10:48[0m [D] [38;5;32;1mgocqhttp[0m å½“å‰ç‰ˆæœ¬:v1.0.0-rc3 
[38;5;8m2022-10-14 14:10:48[0m [D] [38;5;32;1mgocqhttp[0m å°†ä½¿ç”¨ device.json å†…çš„è®¾å¤‡ä¿¡æ¯è¿è¡ŒBot.
[38;5;8m2022-10-14 14:10:48[0m [D] [38;5;32;1mgocqhttp[0m å¼€å§‹å°è¯•ç™»å½•å¹¶åŒæ­¥æ¶ˆæ¯... 
[38;5;8m2022-10-14 14:10:48[0m [D] [38;5;32;1mgocqhttp[0m ä½¿ç”¨åè®®: iPad
[38;5;8m2022-10-14 14:10:49[0m [D] [38;5;32;1mgocqhttp[0m Protocol -> connect to server: 183.47.101.153:8080
[38;5;8m2022-10-14 14:10:50[0m [W] [38;5;32;1mgocqhttp[0m Protocol -> device lock is disable. http api may fail.
[38;5;8m2022-10-14 14:10:52[0m [D] [38;5;32;1mgocqhttp[0m ç™»å½•æˆåŠŸ æ¬¢è¿ä½¿ç”¨: Aya 
[38;5;8m2022-10-14 14:10:52[0m [D] [38;5;32;1mgocqhttp[0m å¼€å§‹åŠ è½½å¥½å‹åˆ—è¡¨...
[38;5;8m2022-10-14 14:10:52[0m [D] [38;5;32;1mgocqhttp[0m å…±åŠ è½½ 3 ä¸ªå¥½å‹. 
[38;5;8m2022-10-14 14:10:52[0m [D] [38;5;32;1mgocqhttp[0m å¼€å§‹åŠ è½½ç¾¤åˆ—è¡¨...
[38;5;8m2022-10-14 14:10:53[0m [D] [38;5;32;1mgocqhttp[0m å…±åŠ è½½ 2 ä¸ªç¾¤.
[38;5;8m2022-10-14 14:10:53[0m [D] [38;5;32;1mgocqhttp[0m æ”¶åˆ°æœåŠ¡å™¨åœ°å€æ›´æ–°é€šçŸ¥, å°†åœ¨ä¸‹ä¸€æ¬¡é‡è¿æ—¶åº”ç”¨.
[38;5;8m2022-10-14 14:10:53[0m [D] [38;5;32;1mgocqhttp[0m èµ„æºåˆå§‹åŒ–å®Œæˆ, å¼€å§‹å¤„ç†ä¿¡æ¯. 
[38;5;8m2022-10-14 14:10:53[0m [D] [38;5;32;1mgocqhttp[0m ã‚¢ãƒˆãƒªã¯ã€é«˜æ€§èƒ½ã§ã™ã‹ã‚‰!
[38;5;8m2022-10-14 14:10:53[0m [D] [38;5;32;1mgocqhttp[0m CQ WebSocket æœåŠ¡å™¨å·²å¯åŠ¨: [::]:6700
[38;5;8m2022-10-14 14:10:53[0m [D] [38;5;32;1mgocqhttp[0m æ­£åœ¨æ£€æŸ¥æ›´æ–°. 
[38;5;8m2022-10-14 14:10:53[0m [I] [38;5;214;1madapter[0m connect to server: [38;5;214mws://127.0.0.1:6700[0m
[38;5;8m2022-10-14 14:10:53[0m [D] [38;5;32;1mgocqhttp[0m æ¥å— WebSocket è¿æ¥: 127.0.0.1:58686 (/)
[38;5;8m2022-10-14 14:10:54[0m [D] [38;5;32;1mgocqhttp[0m æ£€æŸ¥æ›´æ–°å®Œæˆ. å½“å‰å·²è¿è¡Œæœ€æ–°ç‰ˆæœ¬. 
[38;5;8m2022-10-14 14:10:54[0m [D] [38;5;32;1mgocqhttp[0m å¼€å§‹è¯Šæ–­ç½‘ç»œæƒ…å†µ
[38;5;8m2022-10-14 14:10:58[0m [D] [38;5;32;1mgocqhttp[0m ç½‘ç»œè¯Šæ–­å®Œæˆ. æœªå‘ç°é—®é¢˜
[38;5;8m2022-10-14 14:11:06[0m [W] [38;5;178;1mmarket[0m warning package-lock.json found. Your project contains lock files generated by tools other than Yarn. It is advised not to mix package managers in order to avoid resolution inconsistencies caused by unsynchronized lock files. To clear this warning, remove package-lock.json.
[38;5;8m2022-10-14 14:11:06[0m [I] [38;5;178;1mmarket[0m [1/4] Resolving packages...
[38;5;8m2022-10-14 14:11:08[0m [I] [38;5;178;1mmarket[0m [2/4] Fetching packages...
[38;5;8m2022-10-14 14:11:45[0m [I] [38;5;178;1mmarket[0m [3/4] Linking dependencies...
[38;5;8m2022-10-14 14:11:45[0m [W] [38;5;178;1mmarket[0m warning "@koishijs/plugin-adapter-discord > @satorijs/adapter-discord@3.2.4" has unmet peer dependency "@satorijs/satori@^1.2.0".
[38;5;8m2022-10-14 14:11:45[0m [W] [38;5;178;1mmarket[0m warning "@koishijs/plugin-adapter-onebot > @satorijs/adapter-onebot@5.2.5" has unmet peer dependency "@satorijs/satori@^1.2.1".
[38;5;8m2022-10-14 14:11:45[0m [W] [38;5;178;1mmarket[0m warning "@koishijs/plugin-adapter-telegram > @satorijs/adapter-telegram@3.4.7" has unmet peer dependency "@satorijs/satori@^1.2.0".
[38;5;8m2022-10-14 14:11:45[0m [W] [38;5;178;1mmarket[0m warning "@koishijs/plugin-database-memory > @minatojs/driver-memory@1.2.0" has unmet peer dependency "@minatojs/core@^1.3.0".
[38;5;8m2022-10-14 14:11:57[0m [I] [38;5;178;1mmarket[0m [4/4] Building fresh packages...
[38;5;8m2022-10-14 14:11:58[0m [I] [38;5;178;1mmarket[0m success Saved lockfile.
[38;5;8m2022-10-14 14:12:01[0m [W] [38;5;178;1mmarket[0m failed to parse [38;5;178mkoishi-plugin-talk[0m
[38;5;8m2022-10-14 14:13:27[0m [I] [38;5;78;1mapp[0m apply plugin [38;5;78mnovelai:e7fix4[0m
[38;5;8m2022-10-14 14:13:27[0m [W] [38;5;178;1mmarket[0m failed to parse [38;5;178mkoishi-plugin-talk[0m
[38;5;8m2022-10-14 14:13:37[0m [D] [38;5;113;1mmessage[0m [ç§èŠ] Bob: help
[38;5;8m2022-10-14 14:13:45[0m [D] [38;5;113;1mmessage[0m [ç§èŠ] Bob: çº¦ç¨¿ lolita
[38;5;8m2022-10-14 14:13:53[0m [D] [38;5;113;1mmessage[0m [ç§èŠ] Bob: è¶Šé«˜
[38;5;8m2022-10-14 14:13:55[0m [D] [38;5;113;1mmessage[0m [ç§èŠ] Bob: çº¦ç¨¿
[38;5;8m2022-10-14 14:14:22[0m [D] [38;5;113;1mmessage[0m [ç§èŠ] Bob: çº¦ç¨¿ Mr.Quin
[38;5;8m2022-10-14 14:19:11[0m [D] [38;5;32;1mgocqhttp[0m æ”¶åˆ°ç¾¤ Grievous lady(346576350) å†… çœŸçºªçœŸ(2419269719) çš„æ¶ˆæ¯: æœ‰æ²¡æœ‰èƒ½ç”¨çš„éå®˜æ–¹novelaiçš„APIå•Š (-169161390)
[38;5;8m2022-10-14 14:19:11[0m [D] [38;5;113;1mmessage[0m [Grievous lady] Resalia: æœ‰æ²¡æœ‰èƒ½ç”¨çš„éå®˜æ–¹novelaiçš„APIå•Š
[38;5;8m2022-10-14 14:19:15[0m [D] [38;5;32;1mgocqhttp[0m æ”¶åˆ°ç¾¤ Grievous lady(346576350) å†… çœŸçºªçœŸ(2419269719) çš„æ¶ˆæ¯: ç»™æˆ‘botç©ç© (1826856168)
[38;5;8m2022-10-14 14:19:15[0m [D] [38;5;113;1mmessage[0m [Grievous lady] Resalia: ç»™æˆ‘botç©ç©
[38;5;8m2022-10-14 14:20:47[0m [D] [38;5;32;1mgocqhttp[0m æ”¶åˆ°å¥½å‹ Resalia(2419269719) çš„æ¶ˆæ¯: çº¦ç¨¿ lolita (1483642875)
[38;5;8m2022-10-14 14:20:47[0m [D] [38;5;113;1mmessage[0m [ç§èŠ] Resalia: çº¦ç¨¿ lolita
[38;5;8m2022-10-14 14:20:47[0m [D] [38;5;32;1mgocqhttp[0m å‘é€å¥½å‹ 2419269719(2419269719)  çš„æ¶ˆæ¯: [{"type":" ... (-1513784417)
